<?xml version="1.0" encoding="UTF-8"?>
<coverage generated="1776116281349" clover="3.2.0">
  <project timestamp="1776116281349" name="All files">
    <metrics statements="655" coveredstatements="648" conditionals="412" coveredconditionals="379" methods="284" coveredmethods="274" elements="1351" coveredelements="1301" complexity="0" loc="655" ncloc="655" packages="4" files="17" classes="17"/>
    <package name="components">
      <metrics statements="12" coveredstatements="12" conditionals="3" coveredconditionals="3" methods="7" coveredmethods="7"/>
      <file name="FormField.tsx" path="/Users/burnanku/Documents/CafeManagementSystem/CafeManagementSystem_monolithic/Frontend/src/components/FormField.tsx">
        <metrics statements="9" coveredstatements="9" conditionals="1" coveredconditionals="1" methods="5" coveredmethods="5"/>
        <line num="3" count="4" type="stmt"/>
        <line num="12" count="290" type="stmt"/>
        <line num="21" count="2" type="stmt"/>
        <line num="22" count="2" type="stmt"/>
        <line num="25" count="1" type="stmt"/>
        <line num="26" count="1" type="stmt"/>
        <line num="34" count="127" type="stmt"/>
        <line num="49" count="535" type="stmt"/>
        <line num="63" count="535" type="stmt"/>
      </file>
      <file name="Modal.tsx" path="/Users/burnanku/Documents/CafeManagementSystem/CafeManagementSystem_monolithic/Frontend/src/components/Modal.tsx">
        <metrics statements="3" coveredstatements="3" conditionals="2" coveredconditionals="2" methods="2" coveredmethods="2"/>
        <line num="12" count="342" type="cond" truecount="2" falsecount="0"/>
        <line num="14" count="130" type="stmt"/>
        <line num="24" count="47" type="stmt"/>
      </file>
    </package>
    <package name="context">
      <metrics statements="50" coveredstatements="49" conditionals="20" coveredconditionals="15" methods="15" coveredmethods="15"/>
      <file name="AuthContext.tsx" path="/Users/burnanku/Documents/CafeManagementSystem/CafeManagementSystem_monolithic/Frontend/src/context/AuthContext.tsx">
        <metrics statements="50" coveredstatements="49" conditionals="20" coveredconditionals="15" methods="15" coveredmethods="15"/>
        <line num="14" count="4" type="stmt"/>
        <line num="25" count="19" type="stmt"/>
        <line num="26" count="19" type="stmt"/>
        <line num="27" count="19" type="stmt"/>
        <line num="28" count="19" type="stmt"/>
        <line num="30" count="0" type="stmt"/>
        <line num="35" count="8" type="stmt"/>
        <line num="36" count="8" type="cond" truecount="2" falsecount="0"/>
        <line num="37" count="7" type="stmt"/>
        <line num="43" count="155" type="stmt"/>
        <line num="44" count="155" type="cond" truecount="2" falsecount="0"/>
        <line num="45" count="8" type="cond" truecount="2" falsecount="0"/>
        <line num="46" count="1" type="stmt"/>
        <line num="47" count="1" type="stmt"/>
        <line num="48" count="1" type="stmt"/>
        <line num="50" count="7" type="stmt"/>
        <line num="51" count="7" type="cond" truecount="1" falsecount="1"/>
        <line num="55" count="155" type="stmt"/>
        <line num="56" count="155" type="stmt"/>
        <line num="57" count="155" type="stmt"/>
        <line num="58" count="155" type="stmt"/>
        <line num="60" count="155" type="stmt"/>
        <line num="61" count="9" type="cond" truecount="2" falsecount="0"/>
        <line num="62" count="7" type="stmt"/>
        <line num="63" count="3" type="cond" truecount="1" falsecount="1"/>
        <line num="64" count="3" type="stmt"/>
        <line num="65" count="3" type="cond" truecount="1" falsecount="1"/>
        <line num="70" count="155" type="stmt"/>
        <line num="71" count="155" type="cond" truecount="2" falsecount="0"/>
        <line num="72" count="7" type="stmt"/>
        <line num="73" count="2" type="cond" truecount="1" falsecount="1"/>
        <line num="74" count="2" type="stmt"/>
        <line num="75" count="2" type="stmt"/>
        <line num="76" count="2" type="stmt"/>
        <line num="77" count="2" type="stmt"/>
        <line num="78" count="2" type="stmt"/>
        <line num="81" count="7" type="stmt"/>
        <line num="85" count="155" type="stmt"/>
        <line num="86" count="4" type="stmt"/>
        <line num="87" count="4" type="stmt"/>
        <line num="88" count="4" type="stmt"/>
        <line num="89" count="4" type="cond" truecount="1" falsecount="1"/>
        <line num="92" count="155" type="stmt"/>
        <line num="93" count="1" type="stmt"/>
        <line num="94" count="1" type="stmt"/>
        <line num="95" count="1" type="stmt"/>
        <line num="96" count="1" type="stmt"/>
        <line num="97" count="1" type="stmt"/>
        <line num="100" count="155" type="stmt"/>
        <line num="107" count="105" type="stmt"/>
      </file>
    </package>
    <package name="pages">
      <metrics statements="547" coveredstatements="542" conditionals="383" coveredconditionals="355" methods="226" coveredmethods="217"/>
      <file name="Account.tsx" path="/Users/burnanku/Documents/CafeManagementSystem/CafeManagementSystem_monolithic/Frontend/src/pages/Account.tsx">
        <metrics statements="51" coveredstatements="51" conditionals="24" coveredconditionals="24" methods="18" coveredmethods="18"/>
        <line num="8" count="57" type="stmt"/>
        <line num="9" count="57" type="stmt"/>
        <line num="10" count="57" type="stmt"/>
        <line num="11" count="57" type="stmt"/>
        <line num="12" count="57" type="stmt"/>
        <line num="13" count="57" type="stmt"/>
        <line num="14" count="57" type="stmt"/>
        <line num="15" count="57" type="stmt"/>
        <line num="17" count="57" type="stmt"/>
        <line num="18" count="14" type="stmt"/>
        <line num="19" count="13" type="stmt"/>
        <line num="20" count="1" type="stmt"/>
        <line num="21" count="14" type="stmt"/>
        <line num="24" count="57" type="stmt"/>
        <line num="25" count="3" type="stmt"/>
        <line num="26" count="3" type="stmt"/>
        <line num="27" count="3" type="stmt"/>
        <line num="28" count="3" type="stmt"/>
        <line num="29" count="2" type="stmt"/>
        <line num="30" count="2" type="stmt"/>
        <line num="32" count="1" type="stmt"/>
        <line num="34" count="3" type="stmt"/>
        <line num="38" count="57" type="stmt"/>
        <line num="39" count="4" type="stmt"/>
        <line num="40" count="4" type="cond" truecount="2" falsecount="0"/>
        <line num="41" count="1" type="stmt"/>
        <line num="42" count="1" type="stmt"/>
        <line num="44" count="3" type="stmt"/>
        <line num="45" count="3" type="stmt"/>
        <line num="46" count="3" type="stmt"/>
        <line num="47" count="2" type="stmt"/>
        <line num="48" count="2" type="stmt"/>
        <line num="49" count="2" type="stmt"/>
        <line num="51" count="1" type="stmt"/>
        <line num="53" count="3" type="stmt"/>
        <line num="57" count="57" type="stmt"/>
        <line num="59" count="57" type="cond" truecount="2" falsecount="0"/>
        <line num="60" count="14" type="stmt"/>
        <line num="63" count="43" type="stmt"/>
        <line num="104" count="1" type="stmt"/>
        <line num="110" count="1" type="stmt"/>
        <line num="111" count="1" type="stmt"/>
        <line num="139" count="1" type="stmt"/>
        <line num="145" count="1" type="stmt"/>
        <line num="146" count="1" type="stmt"/>
        <line num="180" count="129" type="stmt"/>
        <line num="189" count="12" type="cond" truecount="2" falsecount="0"/>
        <line num="190" count="8" type="stmt"/>
        <line num="198" count="1" type="stmt"/>
        <line num="199" count="1" type="stmt"/>
        <line num="201" count="3" type="stmt"/>
      </file>
      <file name="Categories.tsx" path="/Users/burnanku/Documents/CafeManagementSystem/CafeManagementSystem_monolithic/Frontend/src/pages/Categories.tsx">
        <metrics statements="35" coveredstatements="35" conditionals="10" coveredconditionals="10" methods="16" coveredmethods="16"/>
        <line num="10" count="36" type="stmt"/>
        <line num="11" count="36" type="stmt"/>
        <line num="12" count="36" type="stmt"/>
        <line num="13" count="36" type="stmt"/>
        <line num="14" count="36" type="stmt"/>
        <line num="16" count="36" type="stmt"/>
        <line num="17" count="13" type="stmt"/>
        <line num="18" count="13" type="stmt"/>
        <line num="19" count="12" type="stmt"/>
        <line num="20" count="1" type="stmt"/>
        <line num="21" count="13" type="stmt"/>
        <line num="24" count="36" type="stmt"/>
        <line num="26" count="36" type="stmt"/>
        <line num="27" count="36" type="stmt"/>
        <line num="29" count="36" type="stmt"/>
        <line num="30" count="3" type="stmt"/>
        <line num="31" count="3" type="stmt"/>
        <line num="32" count="3" type="cond" truecount="2" falsecount="0"/>
        <line num="33" count="1" type="stmt"/>
        <line num="34" count="1" type="stmt"/>
        <line num="36" count="2" type="stmt"/>
        <line num="37" count="1" type="stmt"/>
        <line num="39" count="2" type="stmt"/>
        <line num="40" count="2" type="stmt"/>
        <line num="42" count="1" type="stmt"/>
        <line num="46" count="36" type="stmt"/>
        <line num="73" count="9" type="stmt"/>
        <line num="83" count="1" type="stmt"/>
        <line num="84" count="1" type="stmt"/>
        <line num="87" count="1" type="stmt"/>
        <line num="88" count="1" type="stmt"/>
        <line num="105" count="1" type="stmt"/>
        <line num="118" count="1" type="cond" truecount="2" falsecount="0"/>
        <line num="120" count="3" type="stmt"/>
        <line num="122" count="1" type="stmt"/>
      </file>
      <file name="CustomerDashboard.tsx" path="/Users/burnanku/Documents/CafeManagementSystem/CafeManagementSystem_monolithic/Frontend/src/pages/CustomerDashboard.tsx">
        <metrics statements="13" coveredstatements="13" conditionals="6" coveredconditionals="5" methods="8" coveredmethods="8"/>
        <line num="7" count="9" type="stmt"/>
        <line num="8" count="9" type="stmt"/>
        <line num="9" count="9" type="stmt"/>
        <line num="11" count="9" type="stmt"/>
        <line num="12" count="5" type="stmt"/>
        <line num="14" count="3" type="stmt"/>
        <line num="15" count="3" type="stmt"/>
        <line num="18" count="4" type="stmt"/>
        <line num="21" count="9" type="cond" truecount="1" falsecount="1"/>
        <line num="23" count="9" type="stmt"/>
        <line num="29" count="9" type="stmt"/>
        <line num="38" count="27" type="stmt"/>
        <line num="77" count="2" type="stmt"/>
      </file>
      <file name="CustomerMenu.tsx" path="/Users/burnanku/Documents/CafeManagementSystem/CafeManagementSystem_monolithic/Frontend/src/pages/CustomerMenu.tsx">
        <metrics statements="63" coveredstatements="62" conditionals="59" coveredconditionals="57" methods="29" coveredmethods="27"/>
        <line num="10" count="17" type="stmt"/>
        <line num="11" count="17" type="stmt"/>
        <line num="14" count="85" type="stmt"/>
        <line num="15" count="1" type="stmt"/>
        <line num="32" count="54" type="stmt"/>
        <line num="33" count="54" type="stmt"/>
        <line num="34" count="54" type="stmt"/>
        <line num="35" count="54" type="stmt"/>
        <line num="36" count="54" type="stmt"/>
        <line num="37" count="54" type="stmt"/>
        <line num="38" count="54" type="stmt"/>
        <line num="39" count="54" type="stmt"/>
        <line num="41" count="54" type="stmt"/>
        <line num="42" count="13" type="stmt"/>
        <line num="43" count="13" type="stmt"/>
        <line num="45" count="13" type="stmt"/>
        <line num="48" count="54" type="stmt"/>
        <line num="49" count="41" type="cond" truecount="1" falsecount="1"/>
        <line num="50" count="41" type="cond" truecount="2" falsecount="0"/>
        <line num="51" count="41" type="stmt"/>
        <line num="52" count="41" type="stmt"/>
        <line num="55" count="54" type="stmt"/>
        <line num="56" count="7" type="stmt"/>
        <line num="57" count="7" type="stmt"/>
        <line num="58" count="7" type="stmt"/>
        <line num="61" count="54" type="stmt"/>
        <line num="62" count="4" type="stmt"/>
        <line num="63" count="4" type="cond" truecount="4" falsecount="0"/>
        <line num="64" count="3" type="stmt"/>
        <line num="65" count="3" type="stmt"/>
        <line num="66" count="3" type="stmt"/>
        <line num="72" count="2" type="stmt"/>
        <line num="73" count="2" type="stmt"/>
        <line num="74" count="2" type="cond" truecount="2" falsecount="0"/>
        <line num="76" count="1" type="stmt"/>
        <line num="78" count="3" type="stmt"/>
        <line num="82" count="54" type="stmt"/>
        <line num="83" count="5" type="stmt"/>
        <line num="84" count="5" type="stmt"/>
        <line num="85" count="5" type="stmt"/>
        <line num="89" count="54" type="stmt"/>
        <line num="90" count="5" type="cond" truecount="2" falsecount="0"/>
        <line num="91" count="1" type="stmt"/>
        <line num="93" count="4" type="stmt"/>
        <line num="94" count="4" type="cond" truecount="1" falsecount="1"/>
        <line num="98" count="54" type="stmt"/>
        <line num="99" count="41" type="cond" truecount="4" falsecount="0"/>
        <line num="100" count="3" type="stmt"/>
        <line num="103" count="54" type="stmt"/>
        <line num="122" count="40" type="stmt"/>
        <line num="138" count="41" type="stmt"/>
        <line num="139" count="41" type="cond" truecount="2" falsecount="0"/>
        <line num="140" count="41" type="stmt"/>
        <line num="141" count="41" type="stmt"/>
        <line num="148" count="1" type="stmt"/>
        <line num="149" count="1" type="stmt"/>
        <line num="164" count="7" type="stmt"/>
        <line num="172" count="5" type="stmt"/>
        <line num="195" count="3" type="stmt"/>
        <line num="202" count="15" type="cond" truecount="4" falsecount="0"/>
        <line num="221" count="0" type="cond" truecount="2" falsecount="0"/>
        <line num="228" count="1" type="stmt"/>
        <line num="237" count="2" type="stmt"/>
      </file>
      <file name="CustomerOrders.tsx" path="/Users/burnanku/Documents/CafeManagementSystem/CafeManagementSystem_monolithic/Frontend/src/pages/CustomerOrders.tsx">
        <metrics statements="66" coveredstatements="65" conditionals="66" coveredconditionals="63" methods="27" coveredmethods="25"/>
        <line num="10" count="23" type="stmt"/>
        <line num="11" count="23" type="stmt"/>
        <line num="14" count="115" type="stmt"/>
        <line num="15" count="1" type="stmt"/>
        <line num="32" count="67" type="stmt"/>
        <line num="33" count="67" type="stmt"/>
        <line num="34" count="67" type="stmt"/>
        <line num="35" count="67" type="stmt"/>
        <line num="36" count="67" type="stmt"/>
        <line num="37" count="67" type="stmt"/>
        <line num="38" count="67" type="stmt"/>
        <line num="39" count="67" type="stmt"/>
        <line num="41" count="67" type="stmt"/>
        <line num="42" count="15" type="stmt"/>
        <line num="43" count="15" type="stmt"/>
        <line num="44" count="15" type="stmt"/>
        <line num="46" count="15" type="stmt"/>
        <line num="49" count="67" type="stmt"/>
        <line num="51" count="67" type="stmt"/>
        <line num="52" count="51" type="stmt"/>
        <line num="55" count="67" type="stmt"/>
        <line num="56" count="9" type="stmt"/>
        <line num="57" count="9" type="stmt"/>
        <line num="58" count="9" type="stmt"/>
        <line num="61" count="67" type="stmt"/>
        <line num="62" count="5" type="stmt"/>
        <line num="63" count="5" type="cond" truecount="2" falsecount="0"/>
        <line num="64" count="4" type="cond" truecount="1" falsecount="1"/>
        <line num="65" count="4" type="stmt"/>
        <line num="66" count="4" type="stmt"/>
        <line num="67" count="4" type="stmt"/>
        <line num="72" count="4" type="cond" truecount="4" falsecount="0"/>
        <line num="73" count="3" type="stmt"/>
        <line num="75" count="4" type="cond" truecount="4" falsecount="0"/>
        <line num="76" count="1" type="stmt"/>
        <line num="77" count="1" type="cond" truecount="1" falsecount="1"/>
        <line num="79" count="4" type="stmt"/>
        <line num="80" count="3" type="stmt"/>
        <line num="81" count="3" type="stmt"/>
        <line num="83" count="3" type="cond" truecount="4" falsecount="0"/>
        <line num="84" count="1" type="stmt"/>
        <line num="87" count="1" type="stmt"/>
        <line num="89" count="4" type="stmt"/>
        <line num="93" count="67" type="stmt"/>
        <line num="94" count="6" type="stmt"/>
        <line num="95" count="6" type="stmt"/>
        <line num="96" count="6" type="stmt"/>
        <line num="100" count="67" type="stmt"/>
        <line num="101" count="6" type="cond" truecount="2" falsecount="0"/>
        <line num="102" count="1" type="stmt"/>
        <line num="104" count="5" type="stmt"/>
        <line num="105" count="5" type="cond" truecount="1" falsecount="1"/>
        <line num="109" count="67" type="stmt"/>
        <line num="129" count="51" type="stmt"/>
        <line num="130" count="51" type="cond" truecount="2" falsecount="0"/>
        <line num="131" count="51" type="stmt"/>
        <line num="132" count="51" type="stmt"/>
        <line num="170" count="6" type="stmt"/>
        <line num="186" count="13" type="stmt"/>
        <line num="196" count="3" type="stmt"/>
        <line num="216" count="6" type="stmt"/>
        <line num="233" count="3" type="stmt"/>
        <line num="251" count="15" type="cond" truecount="4" falsecount="0"/>
        <line num="269" count="0" type="stmt"/>
        <line num="279" count="3" type="stmt"/>
        <line num="289" count="2" type="stmt"/>
      </file>
      <file name="CustomerRatings.tsx" path="/Users/burnanku/Documents/CafeManagementSystem/CafeManagementSystem_monolithic/Frontend/src/pages/CustomerRatings.tsx">
        <metrics statements="37" coveredstatements="37" conditionals="53" coveredconditionals="50" methods="16" coveredmethods="15"/>
        <line num="9" count="26" type="stmt"/>
        <line num="10" count="26" type="stmt"/>
        <line num="11" count="26" type="stmt"/>
        <line num="12" count="26" type="stmt"/>
        <line num="13" count="26" type="stmt"/>
        <line num="14" count="26" type="stmt"/>
        <line num="15" count="26" type="stmt"/>
        <line num="16" count="26" type="stmt"/>
        <line num="18" count="26" type="stmt"/>
        <line num="19" count="10" type="stmt"/>
        <line num="20" count="10" type="stmt"/>
        <line num="22" count="10" type="stmt"/>
        <line num="23" count="10" type="stmt"/>
        <line num="26" count="10" type="stmt"/>
        <line num="29" count="26" type="stmt"/>
        <line num="31" count="26" type="stmt"/>
        <line num="32" count="3" type="stmt"/>
        <line num="33" count="3" type="cond" truecount="2" falsecount="0"/>
        <line num="34" count="2" type="stmt"/>
        <line num="35" count="2" type="stmt"/>
        <line num="36" count="2" type="stmt"/>
        <line num="37" count="1" type="stmt"/>
        <line num="38" count="1" type="stmt"/>
        <line num="39" count="1" type="stmt"/>
        <line num="40" count="1" type="stmt"/>
        <line num="42" count="1" type="stmt"/>
        <line num="44" count="2" type="stmt"/>
        <line num="48" count="26" type="cond" truecount="2" falsecount="0"/>
        <line num="50" count="26" type="stmt"/>
        <line num="67" count="130" type="stmt"/>
        <line num="69" count="2" type="stmt"/>
        <line num="70" count="1" type="stmt"/>
        <line num="71" count="1" type="stmt"/>
        <line num="91" count="1" type="stmt"/>
        <line num="111" count="52" type="stmt"/>
        <line num="139" count="7" type="stmt"/>
        <line num="163" count="35" type="stmt"/>
      </file>
      <file name="Dashboard.tsx" path="/Users/burnanku/Documents/CafeManagementSystem/CafeManagementSystem_monolithic/Frontend/src/pages/Dashboard.tsx">
        <metrics statements="10" coveredstatements="10" conditionals="4" coveredconditionals="4" methods="7" coveredmethods="7"/>
        <line num="7" count="4" type="stmt"/>
        <line num="8" count="4" type="stmt"/>
        <line num="10" count="4" type="stmt"/>
        <line num="11" count="2" type="stmt"/>
        <line num="12" count="1" type="stmt"/>
        <line num="14" count="2" type="stmt"/>
        <line num="17" count="4" type="stmt"/>
        <line num="35" count="4" type="stmt"/>
        <line num="51" count="12" type="stmt"/>
        <line num="135" count="12" type="stmt"/>
      </file>
      <file name="ForgotPassword.tsx" path="/Users/burnanku/Documents/CafeManagementSystem/CafeManagementSystem_monolithic/Frontend/src/pages/ForgotPassword.tsx">
        <metrics statements="12" coveredstatements="12" conditionals="2" coveredconditionals="2" methods="3" coveredmethods="3"/>
        <line num="8" count="9" type="stmt"/>
        <line num="9" count="9" type="stmt"/>
        <line num="11" count="9" type="stmt"/>
        <line num="12" count="2" type="stmt"/>
        <line num="13" count="2" type="stmt"/>
        <line num="14" count="2" type="stmt"/>
        <line num="15" count="2" type="stmt"/>
        <line num="16" count="1" type="stmt"/>
        <line num="18" count="1" type="stmt"/>
        <line num="20" count="2" type="stmt"/>
        <line num="24" count="9" type="stmt"/>
        <line num="59" count="2" type="stmt"/>
      </file>
      <file name="Login.tsx" path="/Users/burnanku/Documents/CafeManagementSystem/CafeManagementSystem_monolithic/Frontend/src/pages/Login.tsx">
        <metrics statements="33" coveredstatements="33" conditionals="20" coveredconditionals="20" methods="10" coveredmethods="10"/>
        <line num="9" count="36" type="stmt"/>
        <line num="10" count="36" type="stmt"/>
        <line num="11" count="36" type="stmt"/>
        <line num="12" count="36" type="stmt"/>
        <line num="13" count="36" type="stmt"/>
        <line num="14" count="36" type="stmt"/>
        <line num="16" count="36" type="stmt"/>
        <line num="17" count="6" type="stmt"/>
        <line num="18" count="6" type="stmt"/>
        <line num="19" count="6" type="stmt"/>
        <line num="20" count="6" type="stmt"/>
        <line num="21" count="4" type="cond" truecount="2" falsecount="0"/>
        <line num="22" count="6" type="cond" truecount="2" falsecount="0"/>
        <line num="23" count="2" type="stmt"/>
        <line num="24" count="2" type="stmt"/>
        <line num="25" count="2" type="stmt"/>
        <line num="27" count="2" type="cond" truecount="2" falsecount="0"/>
        <line num="30" count="2" type="stmt"/>
        <line num="31" count="2" type="cond" truecount="2" falsecount="0"/>
        <line num="33" count="6" type="stmt"/>
        <line num="37" count="36" type="stmt"/>
        <line num="71" count="108" type="stmt"/>
        <line num="118" count="6" type="stmt"/>
        <line num="127" count="1" type="stmt"/>
        <line num="128" count="1" type="stmt"/>
        <line num="131" count="1" type="stmt"/>
        <line num="132" count="1" type="stmt"/>
        <line num="148" count="6" type="cond" truecount="2" falsecount="0"/>
        <line num="157" count="1" type="stmt"/>
        <line num="158" count="1" type="stmt"/>
        <line num="161" count="1" type="stmt"/>
        <line num="162" count="1" type="stmt"/>
        <line num="167" count="2" type="stmt"/>
      </file>
      <file name="Orders.tsx" path="/Users/burnanku/Documents/CafeManagementSystem/CafeManagementSystem_monolithic/Frontend/src/pages/Orders.tsx">
        <metrics statements="73" coveredstatements="72" conditionals="20" coveredconditionals="17" methods="31" coveredmethods="29"/>
        <line num="10" count="72" type="stmt"/>
        <line num="11" count="72" type="stmt"/>
        <line num="12" count="72" type="stmt"/>
        <line num="13" count="72" type="stmt"/>
        <line num="14" count="72" type="stmt"/>
        <line num="15" count="72" type="stmt"/>
        <line num="16" count="72" type="stmt"/>
        <line num="17" count="72" type="stmt"/>
        <line num="18" count="72" type="stmt"/>
        <line num="19" count="72" type="stmt"/>
        <line num="21" count="72" type="stmt"/>
        <line num="22" count="18" type="stmt"/>
        <line num="23" count="18" type="stmt"/>
        <line num="25" count="18" type="stmt"/>
        <line num="26" count="18" type="stmt"/>
        <line num="29" count="18" type="stmt"/>
        <line num="32" count="72" type="stmt"/>
        <line num="34" count="72" type="stmt"/>
        <line num="35" count="6" type="stmt"/>
        <line num="36" count="6" type="stmt"/>
        <line num="37" count="6" type="cond" truecount="2" falsecount="0"/>
        <line num="38" count="5" type="stmt"/>
        <line num="39" count="5" type="stmt"/>
        <line num="40" count="4" type="stmt"/>
        <line num="41" count="1" type="stmt"/>
        <line num="43" count="1" type="stmt"/>
        <line num="47" count="72" type="stmt"/>
        <line num="48" count="3" type="stmt"/>
        <line num="49" count="3" type="cond" truecount="1" falsecount="1"/>
        <line num="50" count="3" type="stmt"/>
        <line num="51" count="3" type="cond" truecount="1" falsecount="1"/>
        <line num="52" count="3" type="stmt"/>
        <line num="56" count="3" type="stmt"/>
        <line num="57" count="3" type="stmt"/>
        <line num="60" count="72" type="stmt"/>
        <line num="61" count="72" type="stmt"/>
        <line num="63" count="72" type="stmt"/>
        <line num="64" count="3" type="stmt"/>
        <line num="65" count="3" type="cond" truecount="2" falsecount="0"/>
        <line num="66" count="2" type="stmt"/>
        <line num="67" count="2" type="stmt"/>
        <line num="71" count="1" type="stmt"/>
        <line num="72" count="1" type="stmt"/>
        <line num="73" count="1" type="stmt"/>
        <line num="74" count="1" type="stmt"/>
        <line num="75" count="1" type="stmt"/>
        <line num="77" count="1" type="stmt"/>
        <line num="81" count="72" type="stmt"/>
        <line num="82" count="3" type="cond" truecount="2" falsecount="0"/>
        <line num="83" count="2" type="stmt"/>
        <line num="84" count="2" type="stmt"/>
        <line num="85" count="1" type="stmt"/>
        <line num="86" count="1" type="stmt"/>
        <line num="88" count="1" type="stmt"/>
        <line num="92" count="288" type="stmt"/>
        <line num="93" count="9" type="stmt"/>
        <line num="95" count="72" type="stmt"/>
        <line num="96" count="5" type="stmt"/>
        <line num="99" count="72" type="stmt"/>
        <line num="106" count="10" type="stmt"/>
        <line num="124" count="5" type="stmt"/>
        <line num="125" count="5" type="stmt"/>
        <line num="158" count="3" type="stmt"/>
        <line num="172" count="1" type="stmt"/>
        <line num="187" count="0" type="stmt"/>
        <line num="209" count="6" type="stmt"/>
        <line num="211" count="39" type="stmt"/>
        <line num="213" count="3" type="stmt"/>
        <line num="215" count="14" type="stmt"/>
        <line num="220" count="1" type="stmt"/>
        <line num="232" count="6" type="stmt"/>
        <line num="244" count="1" type="stmt"/>
        <line num="264" count="1" type="stmt"/>
      </file>
      <file name="Products.tsx" path="/Users/burnanku/Documents/CafeManagementSystem/CafeManagementSystem_monolithic/Frontend/src/pages/Products.tsx">
        <metrics statements="59" coveredstatements="58" conditionals="28" coveredconditionals="20" methods="23" coveredmethods="22"/>
        <line num="10" count="48" type="stmt"/>
        <line num="11" count="48" type="stmt"/>
        <line num="12" count="48" type="stmt"/>
        <line num="13" count="48" type="stmt"/>
        <line num="14" count="48" type="stmt"/>
        <line num="15" count="48" type="stmt"/>
        <line num="17" count="48" type="stmt"/>
        <line num="18" count="20" type="stmt"/>
        <line num="19" count="20" type="stmt"/>
        <line num="21" count="19" type="stmt"/>
        <line num="22" count="19" type="stmt"/>
        <line num="24" count="1" type="stmt"/>
        <line num="25" count="20" type="stmt"/>
        <line num="28" count="48" type="stmt"/>
        <line num="30" count="48" type="stmt"/>
        <line num="31" count="4" type="stmt"/>
        <line num="32" count="4" type="cond" truecount="1" falsecount="1"/>
        <line num="33" count="4" type="stmt"/>
        <line num="36" count="48" type="stmt"/>
        <line num="37" count="2" type="stmt"/>
        <line num="38" count="2" type="stmt"/>
        <line num="42" count="2" type="stmt"/>
        <line num="45" count="48" type="stmt"/>
        <line num="46" count="3" type="stmt"/>
        <line num="47" count="3" type="stmt"/>
        <line num="48" count="3" type="cond" truecount="2" falsecount="0"/>
        <line num="49" count="1" type="stmt"/>
        <line num="50" count="1" type="stmt"/>
        <line num="52" count="2" type="stmt"/>
        <line num="53" count="1" type="stmt"/>
        <line num="55" count="2" type="stmt"/>
        <line num="56" count="2" type="stmt"/>
        <line num="58" count="1" type="stmt"/>
        <line num="62" count="48" type="stmt"/>
        <line num="63" count="3" type="cond" truecount="2" falsecount="0"/>
        <line num="64" count="2" type="stmt"/>
        <line num="65" count="2" type="stmt"/>
        <line num="66" count="1" type="stmt"/>
        <line num="67" count="1" type="stmt"/>
        <line num="69" count="1" type="stmt"/>
        <line num="73" count="48" type="stmt"/>
        <line num="74" count="2" type="stmt"/>
        <line num="75" count="2" type="cond" truecount="1" falsecount="1"/>
        <line num="76" count="1" type="stmt"/>
        <line num="77" count="1" type="stmt"/>
        <line num="79" count="1" type="stmt"/>
        <line num="83" count="192" type="stmt"/>
        <line num="84" count="5" type="stmt"/>
        <line num="86" count="48" type="stmt"/>
        <line num="115" count="96" type="stmt"/>
        <line num="125" count="16" type="stmt"/>
        <line num="130" count="1" type="stmt"/>
        <line num="131" count="1" type="stmt"/>
        <line num="149" count="2" type="stmt"/>
        <line num="161" count="2" type="stmt"/>
        <line num="168" count="3" type="stmt"/>
        <line num="185" count="0" type="cond" truecount="2" falsecount="0"/>
        <line num="190" count="24" type="stmt"/>
        <line num="195" count="2" type="stmt"/>
      </file>
      <file name="Signup.tsx" path="/Users/burnanku/Documents/CafeManagementSystem/CafeManagementSystem_monolithic/Frontend/src/pages/Signup.tsx">
        <metrics statements="25" coveredstatements="25" conditionals="24" coveredconditionals="22" methods="8" coveredmethods="8"/>
        <line num="8" count="28" type="stmt"/>
        <line num="9" count="28" type="stmt"/>
        <line num="10" count="28" type="stmt"/>
        <line num="11" count="28" type="stmt"/>
        <line num="13" count="112" type="stmt"/>
        <line num="14" count="12" type="stmt"/>
        <line num="16" count="28" type="stmt"/>
        <line num="17" count="3" type="stmt"/>
        <line num="18" count="3" type="stmt"/>
        <line num="19" count="3" type="stmt"/>
        <line num="20" count="3" type="stmt"/>
        <line num="21" count="2" type="cond" truecount="2" falsecount="0"/>
        <line num="22" count="3" type="cond" truecount="1" falsecount="1"/>
        <line num="23" count="3" type="stmt"/>
        <line num="25" count="1" type="stmt"/>
        <line num="26" count="1" type="cond" truecount="1" falsecount="1"/>
        <line num="28" count="3" type="stmt"/>
        <line num="32" count="28" type="stmt"/>
        <line num="39" count="28" type="stmt"/>
        <line num="66" count="112" type="stmt"/>
        <line num="86" count="4" type="stmt"/>
        <line num="87" count="4" type="stmt"/>
        <line num="90" count="4" type="stmt"/>
        <line num="91" count="4" type="stmt"/>
        <line num="97" count="1" type="stmt"/>
      </file>
      <file name="Users.tsx" path="/Users/burnanku/Documents/CafeManagementSystem/CafeManagementSystem_monolithic/Frontend/src/pages/Users.tsx">
        <metrics statements="70" coveredstatements="69" conditionals="67" coveredconditionals="61" methods="30" coveredmethods="29"/>
        <line num="9" count="3" type="stmt"/>
        <line num="10" count="17" type="stmt"/>
        <line num="14" count="17" type="cond" truecount="2" falsecount="0"/>
        <line num="15" count="17" type="stmt"/>
        <line num="26" count="73" type="stmt"/>
        <line num="27" count="73" type="stmt"/>
        <line num="28" count="73" type="stmt"/>
        <line num="29" count="73" type="stmt"/>
        <line num="30" count="73" type="stmt"/>
        <line num="31" count="73" type="stmt"/>
        <line num="32" count="73" type="stmt"/>
        <line num="34" count="73" type="stmt"/>
        <line num="35" count="23" type="stmt"/>
        <line num="36" count="23" type="stmt"/>
        <line num="37" count="22" type="stmt"/>
        <line num="38" count="1" type="stmt"/>
        <line num="39" count="23" type="stmt"/>
        <line num="42" count="73" type="stmt"/>
        <line num="44" count="73" type="cond" truecount="2" falsecount="0"/>
        <line num="46" count="18" type="cond" truecount="2" falsecount="0"/>
        <line num="47" count="2" type="stmt"/>
        <line num="48" count="2" type="cond" truecount="3" falsecount="0"/>
        <line num="51" count="73" type="stmt"/>
        <line num="52" count="2" type="cond" truecount="1" falsecount="1"/>
        <line num="53" count="2" type="stmt"/>
        <line num="54" count="2" type="stmt"/>
        <line num="55" count="1" type="cond" truecount="1" falsecount="1"/>
        <line num="56" count="2" type="stmt"/>
        <line num="58" count="1" type="stmt"/>
        <line num="62" count="73" type="stmt"/>
        <line num="63" count="2" type="cond" truecount="1" falsecount="1"/>
        <line num="64" count="2" type="stmt"/>
        <line num="65" count="2" type="stmt"/>
        <line num="66" count="1" type="cond" truecount="1" falsecount="1"/>
        <line num="67" count="2" type="stmt"/>
        <line num="69" count="1" type="stmt"/>
        <line num="73" count="73" type="stmt"/>
        <line num="74" count="4" type="stmt"/>
        <line num="75" count="4" type="stmt"/>
        <line num="76" count="4" type="stmt"/>
        <line num="77" count="2" type="cond" truecount="2" falsecount="0"/>
        <line num="78" count="4" type="cond" truecount="1" falsecount="1"/>
        <line num="79" count="4" type="stmt"/>
        <line num="80" count="4" type="stmt"/>
        <line num="81" count="4" type="stmt"/>
        <line num="83" count="2" type="stmt"/>
        <line num="84" count="2" type="stmt"/>
        <line num="85" count="2" type="cond" truecount="1" falsecount="1"/>
        <line num="86" count="2" type="stmt"/>
        <line num="88" count="2" type="stmt"/>
        <line num="92" count="292" type="stmt"/>
        <line num="93" count="16" type="stmt"/>
        <line num="95" count="73" type="stmt"/>
        <line num="96" count="73" type="stmt"/>
        <line num="98" count="73" type="stmt"/>
        <line num="107" count="6" type="stmt"/>
        <line num="121" count="1" type="stmt"/>
        <line num="130" count="1" type="stmt"/>
        <line num="131" count="1" type="stmt"/>
        <line num="134" count="1" type="stmt"/>
        <line num="135" count="1" type="stmt"/>
        <line num="145" count="219" type="stmt"/>
        <line num="172" count="17" type="stmt"/>
        <line num="179" count="1" type="stmt"/>
        <line num="180" count="1" type="stmt"/>
        <line num="217" count="2" type="stmt"/>
        <line num="229" count="2" type="stmt"/>
        <line num="247" count="0" type="stmt"/>
        <line num="266" count="2" type="stmt"/>
        <line num="279" count="1" type="stmt"/>
      </file>
    </package>
    <package name="services">
      <metrics statements="46" coveredstatements="45" conditionals="6" coveredconditionals="6" methods="36" coveredmethods="35"/>
      <file name="api.ts" path="/Users/burnanku/Documents/CafeManagementSystem/CafeManagementSystem_monolithic/Frontend/src/services/api.ts">
        <metrics statements="46" coveredstatements="45" conditionals="6" coveredconditionals="6" methods="36" coveredmethods="35"/>
        <line num="3" count="4" type="stmt"/>
        <line num="8" count="4" type="stmt"/>
        <line num="9" count="42" type="stmt"/>
        <line num="10" count="42" type="cond" truecount="2" falsecount="0"/>
        <line num="11" count="5" type="stmt"/>
        <line num="13" count="42" type="stmt"/>
        <line num="16" count="4" type="stmt"/>
        <line num="17" count="0" type="stmt"/>
        <line num="19" count="37" type="cond" truecount="2" falsecount="0"/>
        <line num="20" count="1" type="stmt"/>
        <line num="21" count="1" type="stmt"/>
        <line num="22" count="1" type="stmt"/>
        <line num="24" count="37" type="stmt"/>
        <line num="29" count="4" type="stmt"/>
        <line num="30" count="4" type="stmt"/>
        <line num="31" count="4" type="stmt"/>
        <line num="32" count="4" type="stmt"/>
        <line num="33" count="4" type="stmt"/>
        <line num="34" count="4" type="stmt"/>
        <line num="35" count="4" type="stmt"/>
        <line num="38" count="4" type="stmt"/>
        <line num="39" count="4" type="stmt"/>
        <line num="40" count="4" type="stmt"/>
        <line num="41" count="4" type="stmt"/>
        <line num="44" count="4" type="cond" truecount="2" falsecount="0"/>
        <line num="45" count="4" type="stmt"/>
        <line num="46" count="4" type="stmt"/>
        <line num="49" count="4" type="stmt"/>
        <line num="50" count="4" type="stmt"/>
        <line num="51" count="4" type="stmt"/>
        <line num="52" count="4" type="stmt"/>
        <line num="53" count="4" type="stmt"/>
        <line num="54" count="4" type="stmt"/>
        <line num="55" count="4" type="stmt"/>
        <line num="58" count="4" type="stmt"/>
        <line num="59" count="4" type="stmt"/>
        <line num="60" count="4" type="stmt"/>
        <line num="61" count="4" type="stmt"/>
        <line num="64" count="4" type="stmt"/>
        <line num="67" count="4" type="stmt"/>
        <line num="68" count="4" type="stmt"/>
        <line num="69" count="4" type="stmt"/>
        <line num="70" count="4" type="stmt"/>
        <line num="71" count="4" type="stmt"/>
        <line num="72" count="4" type="stmt"/>
        <line num="73" count="4" type="stmt"/>
      </file>
    </package>
  </project>
</coverage>
