{"/Users/burnanku/Documents/CafeManagementSystem/CafeManagementSystem_monolithic/Frontend/src/components/FormField.tsx": {"path":"/Users/burnanku/Documents/CafeManagementSystem/CafeManagementSystem_monolithic/Frontend/src/components/FormField.tsx","statementMap":{"0":{"start":{"line":3,"column":39},"end":{"line":9,"column":null}},"1":{"start":{"line":12,"column":4},"end":{"line":28,"column":null}},"2":{"start":{"line":21,"column":20},"end":{"line":21,"column":null}},"3":{"start":{"line":22,"column":20},"end":{"line":22,"column":null}},"4":{"start":{"line":25,"column":20},"end":{"line":25,"column":null}},"5":{"start":{"line":26,"column":20},"end":{"line":26,"column":null}},"6":{"start":{"line":34,"column":4},"end":{"line":41,"column":null}},"7":{"start":{"line":49,"column":56},"end":{"line":61,"column":null}},"8":{"start":{"line":63,"column":4},"end":{"line":74,"column":null}}},"fnMap":{"0":{"name":"Input","decl":{"start":{"line":11,"column":16},"end":{"line":11,"column":22}},"loc":{"start":{"line":11,"column":102},"end":{"line":28,"column":null}},"line":11},"1":{"name":"(anonymous_1)","decl":{"start":{"line":20,"column":16},"end":{"line":20,"column":26}},"loc":{"start":{"line":20,"column":32},"end":{"line":22,"column":null}},"line":20},"2":{"name":"(anonymous_2)","decl":{"start":{"line":24,"column":16},"end":{"line":24,"column":25}},"loc":{"start":{"line":24,"column":31},"end":{"line":26,"column":null}},"line":24},"3":{"name":"Select","decl":{"start":{"line":33,"column":16},"end":{"line":33,"column":23}},"loc":{"start":{"line":33,"column":115},"end":{"line":41,"column":null}},"line":33},"4":{"name":"Button","decl":{"start":{"line":46,"column":16},"end":{"line":46,"column":23}},"loc":{"start":{"line":48,"column":51},"end":{"line":74,"column":null}},"line":48}},"branchMap":{"0":{"loc":{"start":{"line":46,"column":25},"end":{"line":46,"column":46}},"type":"default-arg","locations":[{"start":{"line":46,"column":35},"end":{"line":46,"column":46}}],"line":46}},"s":{"0":4,"1":290,"2":2,"3":2,"4":1,"5":1,"6":127,"7":535,"8":535},"f":{"0":290,"1":2,"2":1,"3":127,"4":535},"b":{"0":[535]},"meta":{"lastBranch":1,"lastFunction":5,"lastStatement":9,"seen":{"s:3:39:9:Infinity":0,"f:11:16:11:22":0,"s:12:4:28:Infinity":1,"f:20:16:20:26":1,"s:21:20:21:Infinity":2,"s:22:20:22:Infinity":3,"f:24:16:24:25":2,"s:25:20:25:Infinity":4,"s:26:20:26:Infinity":5,"f:33:16:33:23":3,"s:34:4:41:Infinity":6,"f:46:16:46:23":4,"b:46:35:46:46":0,"s:49:56:61:Infinity":7,"s:63:4:74:Infinity":8}}}
,"/Users/burnanku/Documents/CafeManagementSystem/CafeManagementSystem_monolithic/Frontend/src/components/Modal.tsx": {"path":"/Users/burnanku/Documents/CafeManagementSystem/CafeManagementSystem_monolithic/Frontend/src/components/Modal.tsx","statementMap":{"0":{"start":{"line":12,"column":4},"end":{"line":12,"column":null}},"1":{"start":{"line":12,"column":15},"end":{"line":12,"column":null}},"2":{"start":{"line":14,"column":4},"end":{"line":47,"column":null}},"3":{"start":{"line":24,"column":32},"end":{"line":24,"column":51}}},"fnMap":{"0":{"name":"Modal","decl":{"start":{"line":11,"column":24},"end":{"line":11,"column":30}},"loc":{"start":{"line":11,"column":78},"end":{"line":47,"column":null}},"line":11},"1":{"name":"(anonymous_1)","decl":{"start":{"line":24,"column":16},"end":{"line":24,"column":26}},"loc":{"start":{"line":24,"column":32},"end":{"line":24,"column":51}},"line":24}},"branchMap":{"0":{"loc":{"start":{"line":12,"column":4},"end":{"line":12,"column":null}},"type":"if","locations":[{"start":{"line":12,"column":4},"end":{"line":12,"column":null}},{"start":{},"end":{}}],"line":12}},"s":{"0":342,"1":212,"2":130,"3":47},"f":{"0":342,"1":47},"b":{"0":[212,130]},"meta":{"lastBranch":1,"lastFunction":2,"lastStatement":4,"seen":{"f:11:24:11:30":0,"b:12:4:12:Infinity:undefined:undefined:undefined:undefined":0,"s:12:4:12:Infinity":0,"s:12:15:12:Infinity":1,"s:14:4:47:Infinity":2,"f:24:16:24:26":1,"s:24:32:24:51":3}}}
,"/Users/burnanku/Documents/CafeManagementSystem/CafeManagementSystem_monolithic/Frontend/src/context/AuthContext.tsx": {"path":"/Users/burnanku/Documents/CafeManagementSystem/CafeManagementSystem_monolithic/Frontend/src/context/AuthContext.tsx","statementMap":{"0":{"start":{"line":14,"column":6},"end":{"line":22,"column":2}},"1":{"start":{"line":25,"column":4},"end":{"line":30,"column":null}},"2":{"start":{"line":26,"column":26},"end":{"line":26,"column":null}},"3":{"start":{"line":27,"column":23},"end":{"line":27,"column":70}},"4":{"start":{"line":28,"column":8},"end":{"line":28,"column":null}},"5":{"start":{"line":30,"column":8},"end":{"line":30,"column":null}},"6":{"start":{"line":35,"column":20},"end":{"line":35,"column":35}},"7":{"start":{"line":36,"column":4},"end":{"line":36,"column":null}},"8":{"start":{"line":36,"column":23},"end":{"line":36,"column":null}},"9":{"start":{"line":37,"column":4},"end":{"line":37,"column":null}},"10":{"start":{"line":43,"column":18},"end":{"line":43,"column":49}},"11":{"start":{"line":44,"column":4},"end":{"line":44,"column":null}},"12":{"start":{"line":44,"column":16},"end":{"line":44,"column":null}},"13":{"start":{"line":45,"column":4},"end":{"line":48,"column":null}},"14":{"start":{"line":46,"column":8},"end":{"line":46,"column":null}},"15":{"start":{"line":47,"column":8},"end":{"line":47,"column":null}},"16":{"start":{"line":48,"column":8},"end":{"line":48,"column":null}},"17":{"start":{"line":50,"column":20},"end":{"line":50,"column":35}},"18":{"start":{"line":51,"column":4},"end":{"line":51,"column":null}},"19":{"start":{"line":55,"column":20},"end":{"line":55,"column":37}},"20":{"start":{"line":56,"column":18},"end":{"line":56,"column":68}},"21":{"start":{"line":57,"column":17},"end":{"line":57,"column":65}},"22":{"start":{"line":58,"column":21},"end":{"line":58,"column":77}},"23":{"start":{"line":60,"column":10},"end":{"line":68,"column":15}},"24":{"start":{"line":61,"column":8},"end":{"line":66,"column":null}},"25":{"start":{"line":62,"column":12},"end":{"line":66,"column":null}},"26":{"start":{"line":63,"column":29},"end":{"line":63,"column":null}},"27":{"start":{"line":64,"column":16},"end":{"line":64,"column":null}},"28":{"start":{"line":65,"column":16},"end":{"line":65,"column":null}},"29":{"start":{"line":65,"column":26},"end":{"line":65,"column":null}},"30":{"start":{"line":70,"column":4},"end":{"line":83,"column":null}},"31":{"start":{"line":71,"column":8},"end":{"line":81,"column":null}},"32":{"start":{"line":72,"column":12},"end":{"line":80,"column":null}},"33":{"start":{"line":73,"column":16},"end":{"line":78,"column":null}},"34":{"start":{"line":74,"column":20},"end":{"line":74,"column":null}},"35":{"start":{"line":75,"column":20},"end":{"line":75,"column":null}},"36":{"start":{"line":76,"column":20},"end":{"line":76,"column":null}},"37":{"start":{"line":77,"column":20},"end":{"line":77,"column":null}},"38":{"start":{"line":78,"column":20},"end":{"line":78,"column":null}},"39":{"start":{"line":81,"column":12},"end":{"line":81,"column":null}},"40":{"start":{"line":85,"column":10},"end":{"line":89,"column":null}},"41":{"start":{"line":86,"column":8},"end":{"line":86,"column":null}},"42":{"start":{"line":87,"column":8},"end":{"line":87,"column":null}},"43":{"start":{"line":88,"column":24},"end":{"line":88,"column":42}},"44":{"start":{"line":89,"column":8},"end":{"line":89,"column":null}},"45":{"start":{"line":92,"column":10},"end":{"line":97,"column":null}},"46":{"start":{"line":93,"column":8},"end":{"line":93,"column":null}},"47":{"start":{"line":94,"column":8},"end":{"line":94,"column":null}},"48":{"start":{"line":95,"column":8},"end":{"line":95,"column":null}},"49":{"start":{"line":96,"column":8},"end":{"line":96,"column":null}},"50":{"start":{"line":97,"column":8},"end":{"line":97,"column":null}},"51":{"start":{"line":100,"column":4},"end":{"line":103,"column":null}},"52":{"start":{"line":107,"column":13},"end":{"line":107,"column":52}}},"fnMap":{"0":{"name":"(anonymous_0)","decl":{"start":{"line":19,"column":4},"end":{"line":19,"column":21}},"loc":{"start":{"line":19,"column":21},"end":{"line":19,"column":null}},"line":19},"1":{"name":"(anonymous_1)","decl":{"start":{"line":20,"column":4},"end":{"line":20,"column":18}},"loc":{"start":{"line":20,"column":18},"end":{"line":20,"column":null}},"line":20},"2":{"name":"(anonymous_2)","decl":{"start":{"line":21,"column":4},"end":{"line":21,"column":26}},"loc":{"start":{"line":21,"column":26},"end":{"line":21,"column":null}},"line":21},"3":{"name":"parseJwt","decl":{"start":{"line":24,"column":9},"end":{"line":24,"column":18}},"loc":{"start":{"line":24,"column":33},"end":{"line":30,"column":null}},"line":24},"4":{"name":"isTokenExpired","decl":{"start":{"line":34,"column":9},"end":{"line":34,"column":24}},"loc":{"start":{"line":34,"column":48},"end":{"line":37,"column":null}},"line":34},"5":{"name":"getInitialState","decl":{"start":{"line":42,"column":9},"end":{"line":42,"column":27}},"loc":{"start":{"line":42,"column":27},"end":{"line":51,"column":null}},"line":42},"6":{"name":"AuthProvider","decl":{"start":{"line":54,"column":16},"end":{"line":54,"column":29}},"loc":{"start":{"line":54,"column":68},"end":{"line":103,"column":null}},"line":54},"7":{"name":"(anonymous_7)","decl":{"start":{"line":60,"column":25},"end":{"line":60,"column":43}},"loc":{"start":{"line":60,"column":43},"end":{"line":68,"column":8}},"line":60},"8":{"name":"(anonymous_8)","decl":{"start":{"line":62,"column":25},"end":{"line":62,"column":31}},"loc":{"start":{"line":62,"column":39},"end":{"line":66,"column":15}},"line":62},"9":{"name":"(anonymous_9)","decl":{"start":{"line":66,"column":15},"end":{"line":66,"column":27}},"loc":{"start":{"line":66,"column":27},"end":{"line":66,"column":31}},"line":66},"10":{"name":"(anonymous_10)","decl":{"start":{"line":70,"column":4},"end":{"line":70,"column":20}},"loc":{"start":{"line":70,"column":20},"end":{"line":83,"column":8}},"line":70},"11":{"name":"(anonymous_11)","decl":{"start":{"line":72,"column":25},"end":{"line":72,"column":32}},"loc":{"start":{"line":72,"column":40},"end":{"line":80,"column":null}},"line":72},"12":{"name":"(anonymous_12)","decl":{"start":{"line":85,"column":10},"end":{"line":85,"column":23}},"loc":{"start":{"line":85,"column":44},"end":{"line":89,"column":null}},"line":85},"13":{"name":"(anonymous_13)","decl":{"start":{"line":92,"column":10},"end":{"line":92,"column":25}},"loc":{"start":{"line":92,"column":25},"end":{"line":97,"column":null}},"line":92},"14":{"name":"(anonymous_14)","decl":{"start":{"line":107,"column":13},"end":{"line":107,"column":29}},"loc":{"start":{"line":107,"column":13},"end":{"line":107,"column":52}},"line":107}},"branchMap":{"0":{"loc":{"start":{"line":36,"column":4},"end":{"line":36,"column":null}},"type":"if","locations":[{"start":{"line":36,"column":4},"end":{"line":36,"column":null}},{"start":{},"end":{}}],"line":36},"1":{"loc":{"start":{"line":44,"column":4},"end":{"line":44,"column":null}},"type":"if","locations":[{"start":{"line":44,"column":4},"end":{"line":44,"column":null}},{"start":{},"end":{}}],"line":44},"2":{"loc":{"start":{"line":45,"column":4},"end":{"line":48,"column":null}},"type":"if","locations":[{"start":{"line":45,"column":4},"end":{"line":48,"column":null}},{"start":{},"end":{}}],"line":45},"3":{"loc":{"start":{"line":51,"column":26},"end":{"line":51,"column":49}},"type":"binary-expr","locations":[{"start":{"line":51,"column":26},"end":{"line":51,"column":43}},{"start":{"line":51,"column":43},"end":{"line":51,"column":49}}],"line":51},"4":{"loc":{"start":{"line":61,"column":8},"end":{"line":66,"column":null}},"type":"if","locations":[{"start":{"line":61,"column":8},"end":{"line":66,"column":null}},{"start":{},"end":{}}],"line":61},"5":{"loc":{"start":{"line":63,"column":29},"end":{"line":63,"column":null}},"type":"binary-expr","locations":[{"start":{"line":63,"column":29},"end":{"line":63,"column":47}},{"start":{"line":63,"column":47},"end":{"line":63,"column":null}}],"line":63},"6":{"loc":{"start":{"line":65,"column":16},"end":{"line":65,"column":null}},"type":"if","locations":[{"start":{"line":65,"column":16},"end":{"line":65,"column":null}},{"start":{},"end":{}}],"line":65},"7":{"loc":{"start":{"line":71,"column":8},"end":{"line":81,"column":null}},"type":"if","locations":[{"start":{"line":71,"column":8},"end":{"line":81,"column":null}},{"start":{},"end":{}}],"line":71},"8":{"loc":{"start":{"line":73,"column":16},"end":{"line":78,"column":null}},"type":"if","locations":[{"start":{"line":73,"column":16},"end":{"line":78,"column":null}},{"start":{},"end":{}}],"line":73},"9":{"loc":{"start":{"line":89,"column":16},"end":{"line":89,"column":38}},"type":"binary-expr","locations":[{"start":{"line":89,"column":16},"end":{"line":89,"column":33}},{"start":{"line":89,"column":33},"end":{"line":89,"column":38}}],"line":89}},"s":{"0":4,"1":19,"2":19,"3":19,"4":19,"5":0,"6":8,"7":8,"8":1,"9":7,"10":155,"11":155,"12":147,"13":8,"14":1,"15":1,"16":1,"17":7,"18":7,"19":155,"20":155,"21":155,"22":155,"23":155,"24":9,"25":7,"26":3,"27":3,"28":3,"29":3,"30":155,"31":155,"32":7,"33":2,"34":2,"35":2,"36":2,"37":2,"38":2,"39":7,"40":155,"41":4,"42":4,"43":4,"44":4,"45":155,"46":1,"47":1,"48":1,"49":1,"50":1,"51":155,"52":105},"f":{"0":1,"1":1,"2":1,"3":19,"4":8,"5":155,"6":155,"7":9,"8":3,"9":1,"10":155,"11":2,"12":4,"13":1,"14":105},"b":{"0":[1,7],"1":[147,8],"2":[1,7],"3":[7,0],"4":[7,2],"5":[3,0],"6":[3,0],"7":[7,148],"8":[2,0],"9":[4,0]},"meta":{"lastBranch":10,"lastFunction":15,"lastStatement":53,"seen":{"s:14:6:22:2":0,"f:19:4:19:21":0,"f:20:4:20:18":1,"f:21:4:21:26":2,"f:24:9:24:18":3,"s:25:4:30:Infinity":1,"s:26:26:26:Infinity":2,"s:27:23:27:70":3,"s:28:8:28:Infinity":4,"s:30:8:30:Infinity":5,"f:34:9:34:24":4,"s:35:20:35:35":6,"b:36:4:36:Infinity:undefined:undefined:undefined:undefined":0,"s:36:4:36:Infinity":7,"s:36:23:36:Infinity":8,"s:37:4:37:Infinity":9,"f:42:9:42:27":5,"s:43:18:43:49":10,"b:44:4:44:Infinity:undefined:undefined:undefined:undefined":1,"s:44:4:44:Infinity":11,"s:44:16:44:Infinity":12,"b:45:4:48:Infinity:undefined:undefined:undefined:undefined":2,"s:45:4:48:Infinity":13,"s:46:8:46:Infinity":14,"s:47:8:47:Infinity":15,"s:48:8:48:Infinity":16,"s:50:20:50:35":17,"s:51:4:51:Infinity":18,"b:51:26:51:43:51:43:51:49":3,"f:54:16:54:29":6,"s:55:20:55:37":19,"s:56:18:56:68":20,"s:57:17:57:65":21,"s:58:21:58:77":22,"s:60:10:68:15":23,"f:60:25:60:43":7,"b:61:8:66:Infinity:undefined:undefined:undefined:undefined":4,"s:61:8:66:Infinity":24,"s:62:12:66:Infinity":25,"f:62:25:62:31":8,"s:63:29:63:Infinity":26,"b:63:29:63:47:63:47:63:Infinity":5,"s:64:16:64:Infinity":27,"b:65:16:65:Infinity:undefined:undefined:undefined:undefined":6,"s:65:16:65:Infinity":28,"s:65:26:65:Infinity":29,"f:66:15:66:27":9,"s:70:4:83:Infinity":30,"f:70:4:70:20":10,"b:71:8:81:Infinity:undefined:undefined:undefined:undefined":7,"s:71:8:81:Infinity":31,"s:72:12:80:Infinity":32,"f:72:25:72:32":11,"b:73:16:78:Infinity:undefined:undefined:undefined:undefined":8,"s:73:16:78:Infinity":33,"s:74:20:74:Infinity":34,"s:75:20:75:Infinity":35,"s:76:20:76:Infinity":36,"s:77:20:77:Infinity":37,"s:78:20:78:Infinity":38,"s:81:12:81:Infinity":39,"s:85:10:89:Infinity":40,"f:85:10:85:23":12,"s:86:8:86:Infinity":41,"s:87:8:87:Infinity":42,"s:88:24:88:42":43,"s:89:8:89:Infinity":44,"b:89:16:89:33:89:33:89:38":9,"s:92:10:97:Infinity":45,"f:92:10:92:25":13,"s:93:8:93:Infinity":46,"s:94:8:94:Infinity":47,"s:95:8:95:Infinity":48,"s:96:8:96:Infinity":49,"s:97:8:97:Infinity":50,"s:100:4:103:Infinity":51,"s:107:13:107:52":52,"f:107:13:107:29":14}}}
,"/Users/burnanku/Documents/CafeManagementSystem/CafeManagementSystem_monolithic/Frontend/src/pages/Account.tsx": {"path":"/Users/burnanku/Documents/CafeManagementSystem/CafeManagementSystem_monolithic/Frontend/src/pages/Account.tsx","statementMap":{"0":{"start":{"line":8,"column":12},"end":{"line":8,"column":40}},"1":{"start":{"line":9,"column":20},"end":{"line":9,"column":96}},"2":{"start":{"line":10,"column":19},"end":{"line":10,"column":78}},"3":{"start":{"line":11,"column":20},"end":{"line":11,"column":46}},"4":{"start":{"line":12,"column":19},"end":{"line":12,"column":69}},"5":{"start":{"line":13,"column":20},"end":{"line":13,"column":48}},"6":{"start":{"line":14,"column":19},"end":{"line":14,"column":47}},"7":{"start":{"line":15,"column":23},"end":{"line":15,"column":55}},"8":{"start":{"line":17,"column":4},"end":{"line":22,"column":null}},"9":{"start":{"line":18,"column":8},"end":{"line":21,"column":null}},"10":{"start":{"line":19,"column":27},"end":{"line":19,"column":47}},"11":{"start":{"line":20,"column":25},"end":{"line":20,"column":62}},"12":{"start":{"line":21,"column":27},"end":{"line":21,"column":44}},"13":{"start":{"line":24,"column":30},"end":{"line":34,"column":null}},"14":{"start":{"line":25,"column":8},"end":{"line":25,"column":null}},"15":{"start":{"line":26,"column":8},"end":{"line":26,"column":null}},"16":{"start":{"line":27,"column":8},"end":{"line":34,"column":null}},"17":{"start":{"line":28,"column":12},"end":{"line":28,"column":null}},"18":{"start":{"line":29,"column":12},"end":{"line":29,"column":null}},"19":{"start":{"line":30,"column":12},"end":{"line":30,"column":null}},"20":{"start":{"line":32,"column":12},"end":{"line":32,"column":null}},"21":{"start":{"line":34,"column":12},"end":{"line":34,"column":null}},"22":{"start":{"line":38,"column":33},"end":{"line":53,"column":null}},"23":{"start":{"line":39,"column":8},"end":{"line":39,"column":null}},"24":{"start":{"line":40,"column":8},"end":{"line":42,"column":null}},"25":{"start":{"line":41,"column":12},"end":{"line":41,"column":null}},"26":{"start":{"line":42,"column":12},"end":{"line":42,"column":null}},"27":{"start":{"line":44,"column":8},"end":{"line":44,"column":null}},"28":{"start":{"line":45,"column":8},"end":{"line":53,"column":null}},"29":{"start":{"line":46,"column":12},"end":{"line":46,"column":null}},"30":{"start":{"line":47,"column":12},"end":{"line":47,"column":null}},"31":{"start":{"line":48,"column":12},"end":{"line":48,"column":null}},"32":{"start":{"line":49,"column":12},"end":{"line":49,"column":null}},"33":{"start":{"line":51,"column":12},"end":{"line":51,"column":null}},"34":{"start":{"line":53,"column":12},"end":{"line":53,"column":null}},"35":{"start":{"line":57,"column":46},"end":{"line":57,"column":null}},"36":{"start":{"line":59,"column":4},"end":{"line":60,"column":null}},"37":{"start":{"line":60,"column":8},"end":{"line":60,"column":null}},"38":{"start":{"line":63,"column":4},"end":{"line":221,"column":null}},"39":{"start":{"line":104,"column":73},"end":{"line":104,"column":121}},"40":{"start":{"line":110,"column":50},"end":{"line":110,"column":104}},"41":{"start":{"line":110,"column":104},"end":{"line":110,"column":null}},"42":{"start":{"line":111,"column":49},"end":{"line":111,"column":108}},"43":{"start":{"line":111,"column":108},"end":{"line":111,"column":null}},"44":{"start":{"line":139,"column":82},"end":{"line":139,"column":139}},"45":{"start":{"line":145,"column":50},"end":{"line":145,"column":104}},"46":{"start":{"line":145,"column":104},"end":{"line":145,"column":null}},"47":{"start":{"line":146,"column":49},"end":{"line":146,"column":108}},"48":{"start":{"line":146,"column":108},"end":{"line":146,"column":null}},"49":{"start":{"line":180,"column":24},"end":{"line":211,"column":null}},"50":{"start":{"line":189,"column":40},"end":{"line":190,"column":null}},"51":{"start":{"line":189,"column":69},"end":{"line":189,"column":null}},"52":{"start":{"line":190,"column":45},"end":{"line":190,"column":null}},"53":{"start":{"line":198,"column":54},"end":{"line":198,"column":108}},"54":{"start":{"line":198,"column":108},"end":{"line":198,"column":null}},"55":{"start":{"line":199,"column":53},"end":{"line":199,"column":112}},"56":{"start":{"line":199,"column":112},"end":{"line":199,"column":null}},"57":{"start":{"line":201,"column":69},"end":{"line":201,"column":126}}},"fnMap":{"0":{"name":"Account","decl":{"start":{"line":7,"column":24},"end":{"line":7,"column":34}},"loc":{"start":{"line":7,"column":34},"end":{"line":221,"column":null}},"line":7},"1":{"name":"(anonymous_1)","decl":{"start":{"line":17,"column":4},"end":{"line":17,"column":20}},"loc":{"start":{"line":17,"column":20},"end":{"line":22,"column":9}},"line":17},"2":{"name":"(anonymous_2)","decl":{"start":{"line":19,"column":13},"end":{"line":19,"column":19}},"loc":{"start":{"line":19,"column":27},"end":{"line":19,"column":47}},"line":19},"3":{"name":"(anonymous_3)","decl":{"start":{"line":20,"column":13},"end":{"line":20,"column":25}},"loc":{"start":{"line":20,"column":25},"end":{"line":20,"column":62}},"line":20},"4":{"name":"(anonymous_4)","decl":{"start":{"line":21,"column":13},"end":{"line":21,"column":27}},"loc":{"start":{"line":21,"column":27},"end":{"line":21,"column":44}},"line":21},"5":{"name":"(anonymous_5)","decl":{"start":{"line":24,"column":30},"end":{"line":24,"column":37}},"loc":{"start":{"line":24,"column":60},"end":{"line":34,"column":null}},"line":24},"6":{"name":"(anonymous_6)","decl":{"start":{"line":38,"column":33},"end":{"line":38,"column":40}},"loc":{"start":{"line":38,"column":63},"end":{"line":53,"column":null}},"line":38},"7":{"name":"(anonymous_7)","decl":{"start":{"line":104,"column":56},"end":{"line":104,"column":67}},"loc":{"start":{"line":104,"column":73},"end":{"line":104,"column":121}},"line":104},"8":{"name":"(anonymous_8)","decl":{"start":{"line":110,"column":32},"end":{"line":110,"column":42}},"loc":{"start":{"line":110,"column":48},"end":{"line":110,"column":null}},"line":110},"9":{"name":"(anonymous_9)","decl":{"start":{"line":111,"column":32},"end":{"line":111,"column":41}},"loc":{"start":{"line":111,"column":47},"end":{"line":111,"column":null}},"line":111},"10":{"name":"(anonymous_10)","decl":{"start":{"line":139,"column":65},"end":{"line":139,"column":76}},"loc":{"start":{"line":139,"column":82},"end":{"line":139,"column":139}},"line":139},"11":{"name":"(anonymous_11)","decl":{"start":{"line":145,"column":32},"end":{"line":145,"column":42}},"loc":{"start":{"line":145,"column":48},"end":{"line":145,"column":null}},"line":145},"12":{"name":"(anonymous_12)","decl":{"start":{"line":146,"column":32},"end":{"line":146,"column":41}},"loc":{"start":{"line":146,"column":47},"end":{"line":146,"column":null}},"line":146},"13":{"name":"(anonymous_13)","decl":{"start":{"line":179,"column":22},"end":{"line":179,"column":27}},"loc":{"start":{"line":180,"column":24},"end":{"line":211,"column":null}},"line":180},"14":{"name":"(anonymous_14)","decl":{"start":{"line":188,"column":36},"end":{"line":188,"column":47}},"loc":{"start":{"line":188,"column":53},"end":{"line":190,"column":null}},"line":188},"15":{"name":"(anonymous_15)","decl":{"start":{"line":198,"column":36},"end":{"line":198,"column":46}},"loc":{"start":{"line":198,"column":52},"end":{"line":198,"column":null}},"line":198},"16":{"name":"(anonymous_16)","decl":{"start":{"line":199,"column":36},"end":{"line":199,"column":45}},"loc":{"start":{"line":199,"column":51},"end":{"line":199,"column":null}},"line":199},"17":{"name":"(anonymous_17)","decl":{"start":{"line":201,"column":54},"end":{"line":201,"column":69}},"loc":{"start":{"line":201,"column":69},"end":{"line":201,"column":126}},"line":201}},"branchMap":{"0":{"loc":{"start":{"line":40,"column":8},"end":{"line":42,"column":null}},"type":"if","locations":[{"start":{"line":40,"column":8},"end":{"line":42,"column":null}},{"start":{},"end":{}}],"line":40},"1":{"loc":{"start":{"line":59,"column":4},"end":{"line":60,"column":null}},"type":"if","locations":[{"start":{"line":59,"column":4},"end":{"line":60,"column":null}},{"start":{},"end":{}}],"line":59},"2":{"loc":{"start":{"line":83,"column":25},"end":{"line":83,"column":null}},"type":"binary-expr","locations":[{"start":{"line":83,"column":25},"end":{"line":83,"column":62}},{"start":{"line":83,"column":66},"end":{"line":83,"column":null}}],"line":83},"3":{"loc":{"start":{"line":92,"column":29},"end":{"line":92,"column":null}},"type":"binary-expr","locations":[{"start":{"line":92,"column":29},"end":{"line":92,"column":56}},{"start":{"line":92,"column":56},"end":{"line":92,"column":null}}],"line":92},"4":{"loc":{"start":{"line":155,"column":32},"end":{"line":155,"column":68}},"type":"cond-expr","locations":[{"start":{"line":155,"column":41},"end":{"line":155,"column":57}},{"start":{"line":155,"column":57},"end":{"line":155,"column":68}}],"line":155},"5":{"loc":{"start":{"line":159,"column":46},"end":{"line":159,"column":null}},"type":"cond-expr","locations":[{"start":{"line":159,"column":55},"end":{"line":159,"column":69}},{"start":{"line":159,"column":69},"end":{"line":159,"column":null}}],"line":159},"6":{"loc":{"start":{"line":187,"column":42},"end":{"line":187,"column":83}},"type":"cond-expr","locations":[{"start":{"line":187,"column":62},"end":{"line":187,"column":71}},{"start":{"line":187,"column":71},"end":{"line":187,"column":83}}],"line":187},"7":{"loc":{"start":{"line":189,"column":40},"end":{"line":190,"column":null}},"type":"if","locations":[{"start":{"line":189,"column":40},"end":{"line":190,"column":null}},{"start":{"line":190,"column":45},"end":{"line":190,"column":null}}],"line":189},"8":{"loc":{"start":{"line":202,"column":48},"end":{"line":202,"column":null}},"type":"cond-expr","locations":[{"start":{"line":202,"column":68},"end":{"line":202,"column":86}},{"start":{"line":202,"column":86},"end":{"line":202,"column":null}}],"line":202},"9":{"loc":{"start":{"line":208,"column":37},"end":{"line":208,"column":null}},"type":"cond-expr","locations":[{"start":{"line":208,"column":57},"end":{"line":208,"column":73}},{"start":{"line":208,"column":72},"end":{"line":208,"column":null}}],"line":208},"10":{"loc":{"start":{"line":218,"column":32},"end":{"line":218,"column":72}},"type":"cond-expr","locations":[{"start":{"line":218,"column":45},"end":{"line":218,"column":61}},{"start":{"line":218,"column":61},"end":{"line":218,"column":72}}],"line":218},"11":{"loc":{"start":{"line":221,"column":46},"end":{"line":221,"column":null}},"type":"cond-expr","locations":[{"start":{"line":221,"column":59},"end":{"line":221,"column":75}},{"start":{"line":221,"column":75},"end":{"line":221,"column":null}}],"line":221}},"s":{"0":57,"1":57,"2":57,"3":57,"4":57,"5":57,"6":57,"7":57,"8":57,"9":14,"10":13,"11":1,"12":14,"13":57,"14":3,"15":3,"16":3,"17":3,"18":2,"19":2,"20":1,"21":3,"22":57,"23":4,"24":4,"25":1,"26":1,"27":3,"28":3,"29":3,"30":2,"31":2,"32":2,"33":1,"34":3,"35":57,"36":57,"37":14,"38":43,"39":1,"40":1,"41":1,"42":1,"43":1,"44":1,"45":1,"46":1,"47":1,"48":1,"49":129,"50":12,"51":4,"52":8,"53":1,"54":1,"55":1,"56":1,"57":3},"f":{"0":57,"1":14,"2":13,"3":1,"4":14,"5":3,"6":4,"7":1,"8":1,"9":1,"10":1,"11":1,"12":1,"13":129,"14":12,"15":1,"16":1,"17":3},"b":{"0":[1,3],"1":[14,43],"2":[43,1],"3":[57,1],"4":[3,40],"5":[3,40],"6":[6,123],"7":[4,8],"8":[6,123],"9":[6,123],"10":[3,40],"11":[3,40]},"meta":{"lastBranch":12,"lastFunction":18,"lastStatement":58,"seen":{"f:7:24:7:34":0,"s:8:12:8:40":0,"s:9:20:9:96":1,"s:10:19:10:78":2,"s:11:20:11:46":3,"s:12:19:12:69":4,"s:13:20:13:48":5,"s:14:19:14:47":6,"s:15:23:15:55":7,"s:17:4:22:Infinity":8,"f:17:4:17:20":1,"s:18:8:21:Infinity":9,"f:19:13:19:19":2,"s:19:27:19:47":10,"f:20:13:20:25":3,"s:20:25:20:62":11,"f:21:13:21:27":4,"s:21:27:21:44":12,"s:24:30:34:Infinity":13,"f:24:30:24:37":5,"s:25:8:25:Infinity":14,"s:26:8:26:Infinity":15,"s:27:8:34:Infinity":16,"s:28:12:28:Infinity":17,"s:29:12:29:Infinity":18,"s:30:12:30:Infinity":19,"s:32:12:32:Infinity":20,"s:34:12:34:Infinity":21,"s:38:33:53:Infinity":22,"f:38:33:38:40":6,"s:39:8:39:Infinity":23,"b:40:8:42:Infinity:undefined:undefined:undefined:undefined":0,"s:40:8:42:Infinity":24,"s:41:12:41:Infinity":25,"s:42:12:42:Infinity":26,"s:44:8:44:Infinity":27,"s:45:8:53:Infinity":28,"s:46:12:46:Infinity":29,"s:47:12:47:Infinity":30,"s:48:12:48:Infinity":31,"s:49:12:49:Infinity":32,"s:51:12:51:Infinity":33,"s:53:12:53:Infinity":34,"s:57:46:57:Infinity":35,"b:59:4:60:Infinity:undefined:undefined:undefined:undefined":1,"s:59:4:60:Infinity":36,"s:60:8:60:Infinity":37,"s:63:4:221:Infinity":38,"b:83:25:83:62:83:66:83:Infinity":2,"b:92:29:92:56:92:56:92:Infinity":3,"f:104:56:104:67":7,"s:104:73:104:121":39,"f:110:32:110:42":8,"s:110:50:110:104":40,"s:110:104:110:Infinity":41,"f:111:32:111:41":9,"s:111:49:111:108":42,"s:111:108:111:Infinity":43,"f:139:65:139:76":10,"s:139:82:139:139":44,"f:145:32:145:42":11,"s:145:50:145:104":45,"s:145:104:145:Infinity":46,"f:146:32:146:41":12,"s:146:49:146:108":47,"s:146:108:146:Infinity":48,"b:155:41:155:57:155:57:155:68":4,"b:159:55:159:69:159:69:159:Infinity":5,"f:179:22:179:27":13,"s:180:24:211:Infinity":49,"b:187:62:187:71:187:71:187:83":6,"f:188:36:188:47":14,"b:189:40:190:Infinity:190:45:190:Infinity":7,"s:189:40:190:Infinity":50,"s:189:69:189:Infinity":51,"s:190:45:190:Infinity":52,"f:198:36:198:46":15,"s:198:54:198:108":53,"s:198:108:198:Infinity":54,"f:199:36:199:45":16,"s:199:53:199:112":55,"s:199:112:199:Infinity":56,"f:201:54:201:69":17,"s:201:69:201:126":57,"b:202:68:202:86:202:86:202:Infinity":8,"b:208:57:208:73:208:72:208:Infinity":9,"b:218:45:218:61:218:61:218:72":10,"b:221:59:221:75:221:75:221:Infinity":11}}}
,"/Users/burnanku/Documents/CafeManagementSystem/CafeManagementSystem_monolithic/Frontend/src/pages/Categories.tsx": {"path":"/Users/burnanku/Documents/CafeManagementSystem/CafeManagementSystem_monolithic/Frontend/src/pages/Categories.tsx","statementMap":{"0":{"start":{"line":10,"column":23},"end":{"line":10,"column":64}},"1":{"start":{"line":11,"column":20},"end":{"line":11,"column":48}},"2":{"start":{"line":12,"column":22},"end":{"line":12,"column":53}},"3":{"start":{"line":13,"column":20},"end":{"line":13,"column":65}},"4":{"start":{"line":14,"column":17},"end":{"line":14,"column":40}},"5":{"start":{"line":16,"column":10},"end":{"line":21,"column":null}},"6":{"start":{"line":17,"column":8},"end":{"line":17,"column":null}},"7":{"start":{"line":18,"column":8},"end":{"line":21,"column":null}},"8":{"start":{"line":19,"column":27},"end":{"line":19,"column":50}},"9":{"start":{"line":20,"column":25},"end":{"line":20,"column":65}},"10":{"start":{"line":21,"column":27},"end":{"line":21,"column":44}},"11":{"start":{"line":24,"column":4},"end":{"line":24,"column":null}},"12":{"start":{"line":24,"column":22},"end":{"line":24,"column":33}},"13":{"start":{"line":26,"column":10},"end":{"line":26,"column":null}},"14":{"start":{"line":26,"column":28},"end":{"line":26,"column":46}},"15":{"start":{"line":26,"column":46},"end":{"line":26,"column":59}},"16":{"start":{"line":26,"column":59},"end":{"line":26,"column":null}},"17":{"start":{"line":27,"column":10},"end":{"line":27,"column":null}},"18":{"start":{"line":27,"column":42},"end":{"line":27,"column":59}},"19":{"start":{"line":27,"column":59},"end":{"line":27,"column":78}},"20":{"start":{"line":27,"column":78},"end":{"line":27,"column":null}},"21":{"start":{"line":29,"column":25},"end":{"line":42,"column":null}},"22":{"start":{"line":30,"column":8},"end":{"line":30,"column":null}},"23":{"start":{"line":31,"column":8},"end":{"line":42,"column":null}},"24":{"start":{"line":32,"column":12},"end":{"line":37,"column":null}},"25":{"start":{"line":33,"column":16},"end":{"line":33,"column":null}},"26":{"start":{"line":34,"column":16},"end":{"line":34,"column":null}},"27":{"start":{"line":36,"column":16},"end":{"line":36,"column":null}},"28":{"start":{"line":37,"column":16},"end":{"line":37,"column":null}},"29":{"start":{"line":39,"column":12},"end":{"line":39,"column":null}},"30":{"start":{"line":40,"column":12},"end":{"line":40,"column":null}},"31":{"start":{"line":42,"column":12},"end":{"line":42,"column":null}},"32":{"start":{"line":46,"column":4},"end":{"line":126,"column":null}},"33":{"start":{"line":73,"column":24},"end":{"line":113,"column":null}},"34":{"start":{"line":83,"column":32},"end":{"line":83,"column":null}},"35":{"start":{"line":84,"column":32},"end":{"line":84,"column":null}},"36":{"start":{"line":87,"column":32},"end":{"line":87,"column":null}},"37":{"start":{"line":88,"column":32},"end":{"line":88,"column":null}},"38":{"start":{"line":105,"column":51},"end":{"line":105,"column":64}},"39":{"start":{"line":118,"column":51},"end":{"line":118,"column":70}},"40":{"start":{"line":120,"column":79},"end":{"line":120,"column":102}},"41":{"start":{"line":122,"column":81},"end":{"line":122,"column":100}}},"fnMap":{"0":{"name":"Categories","decl":{"start":{"line":9,"column":24},"end":{"line":9,"column":37}},"loc":{"start":{"line":9,"column":37},"end":{"line":126,"column":null}},"line":9},"1":{"name":"(anonymous_1)","decl":{"start":{"line":16,"column":10},"end":{"line":16,"column":23}},"loc":{"start":{"line":16,"column":23},"end":{"line":21,"column":null}},"line":16},"2":{"name":"(anonymous_2)","decl":{"start":{"line":19,"column":13},"end":{"line":19,"column":19}},"loc":{"start":{"line":19,"column":27},"end":{"line":19,"column":50}},"line":19},"3":{"name":"(anonymous_3)","decl":{"start":{"line":20,"column":13},"end":{"line":20,"column":25}},"loc":{"start":{"line":20,"column":25},"end":{"line":20,"column":65}},"line":20},"4":{"name":"(anonymous_4)","decl":{"start":{"line":21,"column":13},"end":{"line":21,"column":27}},"loc":{"start":{"line":21,"column":27},"end":{"line":21,"column":44}},"line":21},"5":{"name":"(anonymous_5)","decl":{"start":{"line":24,"column":4},"end":{"line":24,"column":20}},"loc":{"start":{"line":24,"column":20},"end":{"line":24,"column":35}},"line":24},"6":{"name":"(anonymous_6)","decl":{"start":{"line":26,"column":10},"end":{"line":26,"column":26}},"loc":{"start":{"line":26,"column":26},"end":{"line":26,"column":null}},"line":26},"7":{"name":"(anonymous_7)","decl":{"start":{"line":27,"column":10},"end":{"line":27,"column":22}},"loc":{"start":{"line":27,"column":40},"end":{"line":27,"column":null}},"line":27},"8":{"name":"(anonymous_8)","decl":{"start":{"line":29,"column":25},"end":{"line":29,"column":32}},"loc":{"start":{"line":29,"column":55},"end":{"line":42,"column":null}},"line":29},"9":{"name":"(anonymous_9)","decl":{"start":{"line":72,"column":32},"end":{"line":72,"column":37}},"loc":{"start":{"line":73,"column":24},"end":{"line":113,"column":null}},"line":73},"10":{"name":"(anonymous_10)","decl":{"start":{"line":82,"column":28},"end":{"line":82,"column":43}},"loc":{"start":{"line":82,"column":49},"end":{"line":84,"column":null}},"line":82},"11":{"name":"(anonymous_11)","decl":{"start":{"line":86,"column":28},"end":{"line":86,"column":43}},"loc":{"start":{"line":86,"column":49},"end":{"line":88,"column":null}},"line":86},"12":{"name":"(anonymous_12)","decl":{"start":{"line":105,"column":36},"end":{"line":105,"column":51}},"loc":{"start":{"line":105,"column":51},"end":{"line":105,"column":64}},"line":105},"13":{"name":"(anonymous_13)","decl":{"start":{"line":118,"column":36},"end":{"line":118,"column":51}},"loc":{"start":{"line":118,"column":51},"end":{"line":118,"column":70}},"line":118},"14":{"name":"(anonymous_14)","decl":{"start":{"line":120,"column":62},"end":{"line":120,"column":73}},"loc":{"start":{"line":120,"column":79},"end":{"line":120,"column":102}},"line":120},"15":{"name":"(anonymous_15)","decl":{"start":{"line":122,"column":66},"end":{"line":122,"column":81}},"loc":{"start":{"line":122,"column":81},"end":{"line":122,"column":100}},"line":122}},"branchMap":{"0":{"loc":{"start":{"line":32,"column":12},"end":{"line":37,"column":null}},"type":"if","locations":[{"start":{"line":32,"column":12},"end":{"line":37,"column":null}},{"start":{"line":35,"column":19},"end":{"line":37,"column":null}}],"line":32},"1":{"loc":{"start":{"line":58,"column":13},"end":{"line":115,"column":null}},"type":"cond-expr","locations":[{"start":{"line":59,"column":16},"end":{"line":60,"column":27}},{"start":{"line":60,"column":16},"end":{"line":115,"column":null}}],"line":58},"2":{"loc":{"start":{"line":60,"column":16},"end":{"line":115,"column":null}},"type":"cond-expr","locations":[{"start":{"line":61,"column":16},"end":{"line":69,"column":17}},{"start":{"line":69,"column":16},"end":{"line":115,"column":null}}],"line":60},"3":{"loc":{"start":{"line":118,"column":79},"end":{"line":118,"column":null}},"type":"cond-expr","locations":[{"start":{"line":118,"column":89},"end":{"line":118,"column":107}},{"start":{"line":118,"column":107},"end":{"line":118,"column":null}}],"line":118},"4":{"loc":{"start":{"line":123,"column":47},"end":{"line":123,"column":83}},"type":"cond-expr","locations":[{"start":{"line":123,"column":57},"end":{"line":123,"column":68}},{"start":{"line":123,"column":68},"end":{"line":123,"column":83}}],"line":123}},"s":{"0":36,"1":36,"2":36,"3":36,"4":36,"5":36,"6":13,"7":13,"8":12,"9":1,"10":13,"11":36,"12":11,"13":36,"14":5,"15":5,"16":5,"17":36,"18":1,"19":1,"20":1,"21":36,"22":3,"23":3,"24":3,"25":1,"26":1,"27":2,"28":1,"29":2,"30":2,"31":1,"32":36,"33":9,"34":1,"35":1,"36":1,"37":1,"38":1,"39":1,"40":3,"41":1},"f":{"0":36,"1":13,"2":12,"3":1,"4":13,"5":11,"6":5,"7":1,"8":3,"9":9,"10":1,"11":1,"12":1,"13":1,"14":3,"15":1},"b":{"0":[1,2],"1":[15,21],"2":[13,8],"3":[3,33],"4":[3,33]},"meta":{"lastBranch":5,"lastFunction":16,"lastStatement":42,"seen":{"f:9:24:9:37":0,"s:10:23:10:64":0,"s:11:20:11:48":1,"s:12:22:12:53":2,"s:13:20:13:65":3,"s:14:17:14:40":4,"s:16:10:21:Infinity":5,"f:16:10:16:23":1,"s:17:8:17:Infinity":6,"s:18:8:21:Infinity":7,"f:19:13:19:19":2,"s:19:27:19:50":8,"f:20:13:20:25":3,"s:20:25:20:65":9,"f:21:13:21:27":4,"s:21:27:21:44":10,"s:24:4:24:Infinity":11,"f:24:4:24:20":5,"s:24:22:24:33":12,"s:26:10:26:Infinity":13,"f:26:10:26:26":6,"s:26:28:26:46":14,"s:26:46:26:59":15,"s:26:59:26:Infinity":16,"s:27:10:27:Infinity":17,"f:27:10:27:22":7,"s:27:42:27:59":18,"s:27:59:27:78":19,"s:27:78:27:Infinity":20,"s:29:25:42:Infinity":21,"f:29:25:29:32":8,"s:30:8:30:Infinity":22,"s:31:8:42:Infinity":23,"b:32:12:37:Infinity:35:19:37:Infinity":0,"s:32:12:37:Infinity":24,"s:33:16:33:Infinity":25,"s:34:16:34:Infinity":26,"s:36:16:36:Infinity":27,"s:37:16:37:Infinity":28,"s:39:12:39:Infinity":29,"s:40:12:40:Infinity":30,"s:42:12:42:Infinity":31,"s:46:4:126:Infinity":32,"b:59:16:60:27:60:16:115:Infinity":1,"b:61:16:69:17:69:16:115:Infinity":2,"f:72:32:72:37":9,"s:73:24:113:Infinity":33,"f:82:28:82:43":10,"s:83:32:83:Infinity":34,"s:84:32:84:Infinity":35,"f:86:28:86:43":11,"s:87:32:87:Infinity":36,"s:88:32:88:Infinity":37,"f:105:36:105:51":12,"s:105:51:105:64":38,"f:118:36:118:51":13,"s:118:51:118:70":39,"b:118:89:118:107:118:107:118:Infinity":3,"f:120:62:120:73":14,"s:120:79:120:102":40,"f:122:66:122:81":15,"s:122:81:122:100":41,"b:123:57:123:68:123:68:123:83":4}}}
,"/Users/burnanku/Documents/CafeManagementSystem/CafeManagementSystem_monolithic/Frontend/src/pages/CustomerDashboard.tsx": {"path":"/Users/burnanku/Documents/CafeManagementSystem/CafeManagementSystem_monolithic/Frontend/src/pages/CustomerDashboard.tsx","statementMap":{"0":{"start":{"line":7,"column":19},"end":{"line":7,"column":52}},"1":{"start":{"line":8,"column":20},"end":{"line":8,"column":56}},"2":{"start":{"line":9,"column":20},"end":{"line":9,"column":48}},"3":{"start":{"line":11,"column":4},"end":{"line":19,"column":null}},"4":{"start":{"line":12,"column":8},"end":{"line":18,"column":null}},"5":{"start":{"line":14,"column":16},"end":{"line":14,"column":null}},"6":{"start":{"line":15,"column":16},"end":{"line":15,"column":null}},"7":{"start":{"line":18,"column":27},"end":{"line":18,"column":44}},"8":{"start":{"line":21,"column":23},"end":{"line":21,"column":73}},"9":{"start":{"line":21,"column":49},"end":{"line":21,"column":71}},"10":{"start":{"line":23,"column":18},"end":{"line":27,"column":null}},"11":{"start":{"line":29,"column":4},"end":{"line":90,"column":null}},"12":{"start":{"line":38,"column":20},"end":{"line":58,"column":null}},"13":{"start":{"line":77,"column":28},"end":{"line":88,"column":null}}},"fnMap":{"0":{"name":"CustomerDashboard","decl":{"start":{"line":6,"column":24},"end":{"line":6,"column":44}},"loc":{"start":{"line":6,"column":44},"end":{"line":90,"column":null}},"line":6},"1":{"name":"(anonymous_1)","decl":{"start":{"line":11,"column":4},"end":{"line":11,"column":20}},"loc":{"start":{"line":11,"column":20},"end":{"line":19,"column":9}},"line":11},"2":{"name":"(anonymous_2)","decl":{"start":{"line":13,"column":13},"end":{"line":13,"column":19}},"loc":{"start":{"line":13,"column":36},"end":{"line":16,"column":null}},"line":13},"3":{"name":"(anonymous_3)","decl":{"start":{"line":17,"column":13},"end":{"line":17,"column":25}},"loc":{"start":{"line":17,"column":25},"end":{"line":17,"column":29}},"line":17},"4":{"name":"(anonymous_4)","decl":{"start":{"line":18,"column":13},"end":{"line":18,"column":27}},"loc":{"start":{"line":18,"column":27},"end":{"line":18,"column":44}},"line":18},"5":{"name":"(anonymous_5)","decl":{"start":{"line":21,"column":30},"end":{"line":21,"column":38}},"loc":{"start":{"line":21,"column":49},"end":{"line":21,"column":71}},"line":21},"6":{"name":"(anonymous_6)","decl":{"start":{"line":37,"column":23},"end":{"line":37,"column":28}},"loc":{"start":{"line":38,"column":20},"end":{"line":58,"column":null}},"line":38},"7":{"name":"(anonymous_7)","decl":{"start":{"line":76,"column":44},"end":{"line":76,"column":49}},"loc":{"start":{"line":77,"column":28},"end":{"line":88,"column":null}},"line":77}},"branchMap":{"0":{"loc":{"start":{"line":21,"column":56},"end":{"line":21,"column":71}},"type":"binary-expr","locations":[{"start":{"line":21,"column":56},"end":{"line":21,"column":67}},{"start":{"line":21,"column":67},"end":{"line":21,"column":71}}],"line":21},"1":{"loc":{"start":{"line":49,"column":37},"end":{"line":49,"column":null}},"type":"cond-expr","locations":[{"start":{"line":49,"column":47},"end":{"line":49,"column":53}},{"start":{"line":49,"column":53},"end":{"line":49,"column":null}}],"line":49},"2":{"loc":{"start":{"line":70,"column":17},"end":{"line":90,"column":null}},"type":"cond-expr","locations":[{"start":{"line":71,"column":20},"end":{"line":75,"column":21}},{"start":{"line":75,"column":20},"end":{"line":90,"column":null}}],"line":70}},"s":{"0":9,"1":9,"2":9,"3":9,"4":5,"5":3,"6":3,"7":4,"8":9,"9":2,"10":9,"11":9,"12":27,"13":2},"f":{"0":9,"1":5,"2":3,"3":1,"4":4,"5":2,"6":27,"7":2},"b":{"0":[2,0],"1":[15,12],"2":[7,2]},"meta":{"lastBranch":3,"lastFunction":8,"lastStatement":14,"seen":{"f:6:24:6:44":0,"s:7:19:7:52":0,"s:8:20:8:56":1,"s:9:20:9:48":2,"s:11:4:19:Infinity":3,"f:11:4:11:20":1,"s:12:8:18:Infinity":4,"f:13:13:13:19":2,"s:14:16:14:Infinity":5,"s:15:16:15:Infinity":6,"f:17:13:17:25":3,"f:18:13:18:27":4,"s:18:27:18:44":7,"s:21:23:21:73":8,"f:21:30:21:38":5,"s:21:49:21:71":9,"b:21:56:21:67:21:67:21:71":0,"s:23:18:27:Infinity":10,"s:29:4:90:Infinity":11,"f:37:23:37:28":6,"s:38:20:58:Infinity":12,"b:49:47:49:53:49:53:49:Infinity":1,"b:71:20:75:21:75:20:90:Infinity":2,"f:76:44:76:49":7,"s:77:28:88:Infinity":13}}}
,"/Users/burnanku/Documents/CafeManagementSystem/CafeManagementSystem_monolithic/Frontend/src/pages/CustomerMenu.tsx": {"path":"/Users/burnanku/Documents/CafeManagementSystem/CafeManagementSystem_monolithic/Frontend/src/pages/CustomerMenu.tsx","statementMap":{"0":{"start":{"line":10,"column":18},"end":{"line":10,"column":41}},"1":{"start":{"line":11,"column":4},"end":{"line":27,"column":null}},"2":{"start":{"line":14,"column":16},"end":{"line":25,"column":null}},"3":{"start":{"line":14,"column":61},"end":{"line":14,"column":72}},"4":{"start":{"line":15,"column":40},"end":{"line":15,"column":51}},"5":{"start":{"line":15,"column":73},"end":{"line":15,"column":84}},"6":{"start":{"line":32,"column":21},"end":{"line":32,"column":59}},"7":{"start":{"line":33,"column":20},"end":{"line":33,"column":48}},"8":{"start":{"line":34,"column":26},"end":{"line":34,"column":76}},"9":{"start":{"line":35,"column":18},"end":{"line":35,"column":41}},"10":{"start":{"line":36,"column":20},"end":{"line":36,"column":46}},"11":{"start":{"line":37,"column":23},"end":{"line":37,"column":55}},"12":{"start":{"line":38,"column":27},"end":{"line":38,"column":86}},"13":{"start":{"line":39,"column":28},"end":{"line":39,"column":79}},"14":{"start":{"line":41,"column":4},"end":{"line":46,"column":null}},"15":{"start":{"line":42,"column":8},"end":{"line":45,"column":null}},"16":{"start":{"line":43,"column":27},"end":{"line":43,"column":48}},"17":{"start":{"line":45,"column":27},"end":{"line":45,"column":44}},"18":{"start":{"line":48,"column":20},"end":{"line":53,"column":10}},"19":{"start":{"line":49,"column":20},"end":{"line":49,"column":null}},"20":{"start":{"line":50,"column":8},"end":{"line":50,"column":null}},"21":{"start":{"line":50,"column":23},"end":{"line":50,"column":null}},"22":{"start":{"line":51,"column":8},"end":{"line":51,"column":null}},"23":{"start":{"line":52,"column":8},"end":{"line":52,"column":null}},"24":{"start":{"line":55,"column":10},"end":{"line":58,"column":null}},"25":{"start":{"line":56,"column":8},"end":{"line":56,"column":null}},"26":{"start":{"line":57,"column":8},"end":{"line":57,"column":null}},"27":{"start":{"line":58,"column":8},"end":{"line":58,"column":null}},"28":{"start":{"line":61,"column":25},"end":{"line":78,"column":null}},"29":{"start":{"line":62,"column":8},"end":{"line":62,"column":null}},"30":{"start":{"line":63,"column":8},"end":{"line":63,"column":null}},"31":{"start":{"line":63,"column":45},"end":{"line":63,"column":84}},"32":{"start":{"line":63,"column":84},"end":{"line":63,"column":null}},"33":{"start":{"line":64,"column":8},"end":{"line":64,"column":null}},"34":{"start":{"line":65,"column":8},"end":{"line":78,"column":null}},"35":{"start":{"line":66,"column":12},"end":{"line":71,"column":null}},"36":{"start":{"line":72,"column":12},"end":{"line":72,"column":null}},"37":{"start":{"line":73,"column":12},"end":{"line":73,"column":null}},"38":{"start":{"line":74,"column":12},"end":{"line":74,"column":null}},"39":{"start":{"line":74,"column":54},"end":{"line":74,"column":null}},"40":{"start":{"line":76,"column":12},"end":{"line":76,"column":null}},"41":{"start":{"line":78,"column":12},"end":{"line":78,"column":null}},"42":{"start":{"line":82,"column":24},"end":{"line":86,"column":null}},"43":{"start":{"line":83,"column":8},"end":{"line":86,"column":null}},"44":{"start":{"line":84,"column":24},"end":{"line":84,"column":60}},"45":{"start":{"line":85,"column":12},"end":{"line":85,"column":null}},"46":{"start":{"line":85,"column":41},"end":{"line":85,"column":77}},"47":{"start":{"line":89,"column":10},"end":{"line":94,"column":null}},"48":{"start":{"line":90,"column":8},"end":{"line":94,"column":null}},"49":{"start":{"line":91,"column":12},"end":{"line":91,"column":null}},"50":{"start":{"line":93,"column":12},"end":{"line":93,"column":null}},"51":{"start":{"line":94,"column":12},"end":{"line":94,"column":null}},"52":{"start":{"line":94,"column":44},"end":{"line":94,"column":null}},"53":{"start":{"line":98,"column":10},"end":{"line":100,"column":null}},"54":{"start":{"line":99,"column":8},"end":{"line":99,"column":null}},"55":{"start":{"line":99,"column":46},"end":{"line":99,"column":null}},"56":{"start":{"line":100,"column":8},"end":{"line":100,"column":null}},"57":{"start":{"line":100,"column":41},"end":{"line":100,"column":54}},"58":{"start":{"line":103,"column":4},"end":{"line":243,"column":null}},"59":{"start":{"line":122,"column":20},"end":{"line":217,"column":null}},"60":{"start":{"line":138,"column":48},"end":{"line":138,"column":null}},"61":{"start":{"line":139,"column":44},"end":{"line":139,"column":68}},"62":{"start":{"line":140,"column":51},"end":{"line":140,"column":null}},"63":{"start":{"line":141,"column":32},"end":{"line":213,"column":null}},"64":{"start":{"line":148,"column":63},"end":{"line":148,"column":117}},"65":{"start":{"line":148,"column":117},"end":{"line":148,"column":null}},"66":{"start":{"line":149,"column":63},"end":{"line":149,"column":117}},"67":{"start":{"line":149,"column":117},"end":{"line":149,"column":null}},"68":{"start":{"line":164,"column":71},"end":{"line":164,"column":84}},"69":{"start":{"line":172,"column":71},"end":{"line":172,"column":90}},"70":{"start":{"line":195,"column":60},"end":{"line":207,"column":null}},"71":{"start":{"line":202,"column":76},"end":{"line":202,"column":null}},"72":{"start":{"line":221,"column":57},"end":{"line":221,"column":79}},"73":{"start":{"line":228,"column":57},"end":{"line":228,"column":83}},"74":{"start":{"line":237,"column":81},"end":{"line":237,"column":103}}},"fnMap":{"0":{"name":"StarPicker","decl":{"start":{"line":9,"column":9},"end":{"line":9,"column":20}},"loc":{"start":{"line":9,"column":117},"end":{"line":27,"column":null}},"line":9},"1":{"name":"(anonymous_1)","decl":{"start":{"line":13,"column":29},"end":{"line":13,"column":34}},"loc":{"start":{"line":14,"column":16},"end":{"line":25,"column":null}},"line":14},"2":{"name":"(anonymous_2)","decl":{"start":{"line":14,"column":46},"end":{"line":14,"column":61}},"loc":{"start":{"line":14,"column":61},"end":{"line":14,"column":72}},"line":14},"3":{"name":"(anonymous_3)","decl":{"start":{"line":15,"column":20},"end":{"line":15,"column":40}},"loc":{"start":{"line":15,"column":40},"end":{"line":15,"column":51}},"line":15},"4":{"name":"(anonymous_4)","decl":{"start":{"line":15,"column":53},"end":{"line":15,"column":73}},"loc":{"start":{"line":15,"column":73},"end":{"line":15,"column":84}},"line":15},"5":{"name":"CustomerMenu","decl":{"start":{"line":31,"column":24},"end":{"line":31,"column":39}},"loc":{"start":{"line":31,"column":39},"end":{"line":243,"column":null}},"line":31},"6":{"name":"(anonymous_6)","decl":{"start":{"line":41,"column":4},"end":{"line":41,"column":20}},"loc":{"start":{"line":41,"column":20},"end":{"line":46,"column":9}},"line":41},"7":{"name":"(anonymous_7)","decl":{"start":{"line":43,"column":13},"end":{"line":43,"column":19}},"loc":{"start":{"line":43,"column":27},"end":{"line":43,"column":48}},"line":43},"8":{"name":"(anonymous_8)","decl":{"start":{"line":44,"column":13},"end":{"line":44,"column":25}},"loc":{"start":{"line":44,"column":25},"end":{"line":44,"column":29}},"line":44},"9":{"name":"(anonymous_9)","decl":{"start":{"line":45,"column":13},"end":{"line":45,"column":27}},"loc":{"start":{"line":45,"column":27},"end":{"line":45,"column":44}},"line":45},"10":{"name":"(anonymous_10)","decl":{"start":{"line":48,"column":29},"end":{"line":48,"column":64}},"loc":{"start":{"line":48,"column":75},"end":{"line":53,"column":9}},"line":48},"11":{"name":"(anonymous_11)","decl":{"start":{"line":55,"column":10},"end":{"line":55,"column":24}},"loc":{"start":{"line":55,"column":39},"end":{"line":58,"column":null}},"line":55},"12":{"name":"(anonymous_12)","decl":{"start":{"line":61,"column":25},"end":{"line":61,"column":32}},"loc":{"start":{"line":61,"column":55},"end":{"line":78,"column":null}},"line":61},"13":{"name":"(anonymous_13)","decl":{"start":{"line":82,"column":24},"end":{"line":82,"column":31}},"loc":{"start":{"line":82,"column":53},"end":{"line":86,"column":null}},"line":82},"14":{"name":"(anonymous_14)","decl":{"start":{"line":85,"column":12},"end":{"line":85,"column":31}},"loc":{"start":{"line":85,"column":41},"end":{"line":85,"column":77}},"line":85},"15":{"name":"(anonymous_15)","decl":{"start":{"line":89,"column":10},"end":{"line":89,"column":27}},"loc":{"start":{"line":89,"column":49},"end":{"line":94,"column":null}},"line":89},"16":{"name":"(anonymous_16)","decl":{"start":{"line":98,"column":10},"end":{"line":98,"column":23}},"loc":{"start":{"line":98,"column":45},"end":{"line":100,"column":null}},"line":98},"17":{"name":"(anonymous_17)","decl":{"start":{"line":100,"column":24},"end":{"line":100,"column":32}},"loc":{"start":{"line":100,"column":41},"end":{"line":100,"column":54}},"line":100},"18":{"name":"(anonymous_18)","decl":{"start":{"line":121,"column":40},"end":{"line":121,"column":45}},"loc":{"start":{"line":122,"column":20},"end":{"line":217,"column":null}},"line":122},"19":{"name":"(anonymous_19)","decl":{"start":{"line":137,"column":35},"end":{"line":137,"column":40}},"loc":{"start":{"line":137,"column":49},"end":{"line":213,"column":null}},"line":137},"20":{"name":"(anonymous_20)","decl":{"start":{"line":148,"column":40},"end":{"line":148,"column":55}},"loc":{"start":{"line":148,"column":61},"end":{"line":148,"column":null}},"line":148},"21":{"name":"(anonymous_21)","decl":{"start":{"line":149,"column":40},"end":{"line":149,"column":55}},"loc":{"start":{"line":149,"column":61},"end":{"line":149,"column":null}},"line":149},"22":{"name":"(anonymous_22)","decl":{"start":{"line":164,"column":56},"end":{"line":164,"column":71}},"loc":{"start":{"line":164,"column":71},"end":{"line":164,"column":84}},"line":164},"23":{"name":"(anonymous_23)","decl":{"start":{"line":172,"column":56},"end":{"line":172,"column":71}},"loc":{"start":{"line":172,"column":71},"end":{"line":172,"column":90}},"line":172},"24":{"name":"(anonymous_24)","decl":{"start":{"line":194,"column":65},"end":{"line":194,"column":70}},"loc":{"start":{"line":195,"column":60},"end":{"line":207,"column":null}},"line":195},"25":{"name":"(anonymous_25)","decl":{"start":{"line":201,"column":89},"end":{"line":201,"column":94}},"loc":{"start":{"line":202,"column":76},"end":{"line":202,"column":null}},"line":202},"26":{"name":"(anonymous_26)","decl":{"start":{"line":221,"column":42},"end":{"line":221,"column":57}},"loc":{"start":{"line":221,"column":57},"end":{"line":221,"column":79}},"line":221},"27":{"name":"(anonymous_27)","decl":{"start":{"line":228,"column":40},"end":{"line":228,"column":51}},"loc":{"start":{"line":228,"column":57},"end":{"line":228,"column":83}},"line":228},"28":{"name":"(anonymous_28)","decl":{"start":{"line":237,"column":66},"end":{"line":237,"column":81}},"loc":{"start":{"line":237,"column":81},"end":{"line":237,"column":103}},"line":237}},"branchMap":{"0":{"loc":{"start":{"line":9,"column":39},"end":{"line":9,"column":117}},"type":"default-arg","locations":[{"start":{"line":9,"column":46},"end":{"line":9,"column":117}}],"line":9},"1":{"loc":{"start":{"line":18,"column":40},"end":{"line":18,"column":null}},"type":"cond-expr","locations":[{"start":{"line":18,"column":71},"end":{"line":18,"column":83}},{"start":{"line":18,"column":83},"end":{"line":18,"column":null}}],"line":18},"2":{"loc":{"start":{"line":18,"column":48},"end":{"line":18,"column":67}},"type":"binary-expr","locations":[{"start":{"line":18,"column":48},"end":{"line":18,"column":57}},{"start":{"line":18,"column":57},"end":{"line":18,"column":67}}],"line":18},"3":{"loc":{"start":{"line":19,"column":24},"end":{"line":19,"column":null}},"type":"cond-expr","locations":[{"start":{"line":19,"column":59},"end":{"line":19,"column":74}},{"start":{"line":19,"column":74},"end":{"line":19,"column":null}}],"line":19},"4":{"loc":{"start":{"line":19,"column":36},"end":{"line":19,"column":55}},"type":"binary-expr","locations":[{"start":{"line":19,"column":36},"end":{"line":19,"column":45}},{"start":{"line":19,"column":45},"end":{"line":19,"column":55}}],"line":19},"5":{"loc":{"start":{"line":24,"column":28},"end":{"line":24,"column":80}},"type":"cond-expr","locations":[{"start":{"line":24,"column":58},"end":{"line":24,"column":70}},{"start":{"line":24,"column":70},"end":{"line":24,"column":80}}],"line":24},"6":{"loc":{"start":{"line":24,"column":35},"end":{"line":24,"column":54}},"type":"binary-expr","locations":[{"start":{"line":24,"column":35},"end":{"line":24,"column":44}},{"start":{"line":24,"column":44},"end":{"line":24,"column":54}}],"line":24},"7":{"loc":{"start":{"line":49,"column":20},"end":{"line":49,"column":null}},"type":"binary-expr","locations":[{"start":{"line":49,"column":20},"end":{"line":49,"column":38}},{"start":{"line":49,"column":38},"end":{"line":49,"column":null}}],"line":49},"8":{"loc":{"start":{"line":50,"column":8},"end":{"line":50,"column":null}},"type":"if","locations":[{"start":{"line":50,"column":8},"end":{"line":50,"column":null}},{"start":{},"end":{}}],"line":50},"9":{"loc":{"start":{"line":63,"column":8},"end":{"line":63,"column":null}},"type":"if","locations":[{"start":{"line":63,"column":8},"end":{"line":63,"column":null}},{"start":{},"end":{}}],"line":63},"10":{"loc":{"start":{"line":63,"column":12},"end":{"line":63,"column":43}},"type":"binary-expr","locations":[{"start":{"line":63,"column":12},"end":{"line":63,"column":27}},{"start":{"line":63,"column":27},"end":{"line":63,"column":43}}],"line":63},"11":{"loc":{"start":{"line":74,"column":12},"end":{"line":74,"column":null}},"type":"if","locations":[{"start":{"line":74,"column":12},"end":{"line":74,"column":null}},{"start":{},"end":{}}],"line":74},"12":{"loc":{"start":{"line":90,"column":8},"end":{"line":94,"column":null}},"type":"if","locations":[{"start":{"line":90,"column":8},"end":{"line":94,"column":null}},{"start":{"line":92,"column":15},"end":{"line":94,"column":null}}],"line":90},"13":{"loc":{"start":{"line":94,"column":12},"end":{"line":94,"column":null}},"type":"if","locations":[{"start":{"line":94,"column":12},"end":{"line":94,"column":null}},{"start":{},"end":{}}],"line":94},"14":{"loc":{"start":{"line":99,"column":8},"end":{"line":99,"column":null}},"type":"if","locations":[{"start":{"line":99,"column":8},"end":{"line":99,"column":null}},{"start":{},"end":{}}],"line":99},"15":{"loc":{"start":{"line":99,"column":12},"end":{"line":99,"column":46}},"type":"binary-expr","locations":[{"start":{"line":99,"column":12},"end":{"line":99,"column":24}},{"start":{"line":99,"column":24},"end":{"line":99,"column":46}}],"line":99},"16":{"loc":{"start":{"line":110,"column":13},"end":{"line":217,"column":null}},"type":"cond-expr","locations":[{"start":{"line":111,"column":16},"end":{"line":112,"column":25}},{"start":{"line":112,"column":16},"end":{"line":217,"column":null}}],"line":110},"17":{"loc":{"start":{"line":112,"column":16},"end":{"line":217,"column":null}},"type":"cond-expr","locations":[{"start":{"line":113,"column":16},"end":{"line":121,"column":23}},{"start":{"line":121,"column":16},"end":{"line":217,"column":null}}],"line":112},"18":{"loc":{"start":{"line":139,"column":54},"end":{"line":139,"column":67}},"type":"binary-expr","locations":[{"start":{"line":139,"column":54},"end":{"line":139,"column":65}},{"start":{"line":139,"column":65},"end":{"line":139,"column":67}}],"line":139},"19":{"loc":{"start":{"line":158,"column":45},"end":{"line":161,"column":null}},"type":"binary-expr","locations":[{"start":{"line":158,"column":45},"end":{"line":158,"column":null}},{"start":{"line":159,"column":48},"end":{"line":161,"column":null}}],"line":158},"20":{"loc":{"start":{"line":178,"column":83},"end":{"line":178,"column":null}},"type":"cond-expr","locations":[{"start":{"line":178,"column":96},"end":{"line":178,"column":105}},{"start":{"line":178,"column":105},"end":{"line":178,"column":null}}],"line":178},"21":{"loc":{"start":{"line":180,"column":49},"end":{"line":182,"column":null}},"type":"binary-expr","locations":[{"start":{"line":180,"column":49},"end":{"line":180,"column":null}},{"start":{"line":181,"column":52},"end":{"line":182,"column":null}}],"line":180},"22":{"loc":{"start":{"line":188,"column":41},"end":{"line":211,"column":null}},"type":"binary-expr","locations":[{"start":{"line":188,"column":41},"end":{"line":188,"column":null}},{"start":{"line":189,"column":44},"end":{"line":211,"column":null}}],"line":188},"23":{"loc":{"start":{"line":190,"column":49},"end":{"line":209,"column":null}},"type":"cond-expr","locations":[{"start":{"line":191,"column":52},"end":{"line":193,"column":53}},{"start":{"line":193,"column":52},"end":{"line":209,"column":null}}],"line":190},"24":{"loc":{"start":{"line":190,"column":49},"end":{"line":190,"column":null}},"type":"binary-expr","locations":[{"start":{"line":190,"column":49},"end":{"line":190,"column":61}},{"start":{"line":190,"column":61},"end":{"line":190,"column":null}}],"line":190},"25":{"loc":{"start":{"line":202,"column":108},"end":{"line":202,"column":143}},"type":"cond-expr","locations":[{"start":{"line":202,"column":123},"end":{"line":202,"column":135}},{"start":{"line":202,"column":135},"end":{"line":202,"column":143}}],"line":202},"26":{"loc":{"start":{"line":202,"column":150},"end":{"line":202,"column":187}},"type":"cond-expr","locations":[{"start":{"line":202,"column":165},"end":{"line":202,"column":177}},{"start":{"line":202,"column":177},"end":{"line":202,"column":187}}],"line":202},"27":{"loc":{"start":{"line":206,"column":65},"end":{"line":206,"column":null}},"type":"binary-expr","locations":[{"start":{"line":206,"column":65},"end":{"line":206,"column":78}},{"start":{"line":206,"column":78},"end":{"line":206,"column":null}}],"line":206},"28":{"loc":{"start":{"line":221,"column":99},"end":{"line":221,"column":null}},"type":"binary-expr","locations":[{"start":{"line":221,"column":99},"end":{"line":221,"column":122}},{"start":{"line":221,"column":122},"end":{"line":221,"column":null}}],"line":221},"29":{"loc":{"start":{"line":239,"column":50},"end":{"line":239,"column":null}},"type":"cond-expr","locations":[{"start":{"line":239,"column":63},"end":{"line":239,"column":81}},{"start":{"line":239,"column":81},"end":{"line":239,"column":null}}],"line":239}},"s":{"0":17,"1":17,"2":85,"3":3,"4":1,"5":1,"6":54,"7":54,"8":54,"9":54,"10":54,"11":54,"12":54,"13":54,"14":54,"15":13,"16":13,"17":13,"18":54,"19":41,"20":41,"21":40,"22":41,"23":41,"24":54,"25":7,"26":7,"27":7,"28":54,"29":4,"30":4,"31":1,"32":1,"33":3,"34":3,"35":3,"36":2,"37":2,"38":2,"39":1,"40":1,"41":3,"42":54,"43":5,"44":5,"45":5,"46":5,"47":54,"48":5,"49":1,"50":4,"51":4,"52":4,"53":54,"54":41,"55":39,"56":2,"57":3,"58":54,"59":40,"60":41,"61":41,"62":41,"63":41,"64":1,"65":1,"66":1,"67":1,"68":7,"69":5,"70":3,"71":15,"72":0,"73":1,"74":2},"f":{"0":17,"1":85,"2":3,"3":1,"4":1,"5":54,"6":13,"7":13,"8":0,"9":13,"10":41,"11":7,"12":4,"13":5,"14":5,"15":5,"16":41,"17":3,"18":40,"19":41,"20":1,"21":1,"22":7,"23":5,"24":3,"25":15,"26":0,"27":1,"28":2},"b":{"0":[17],"1":[30,55],"2":[85,80],"3":[30,55],"4":[85,80],"5":[30,55],"6":[85,80],"7":[41,0],"8":[40,1],"9":[1,3],"10":[4,3],"11":[1,1],"12":[1,4],"13":[4,0],"14":[39,2],"15":[41,41],"16":[13,41],"17":[1,40],"18":[41,32],"19":[41,36],"20":[12,29],"21":[41,2],"22":[41,12],"23":[10,2],"24":[12,8],"25":[13,2],"26":[13,2],"27":[3,2],"28":[54,39],"29":[3,51]},"meta":{"lastBranch":30,"lastFunction":29,"lastStatement":75,"seen":{"f:9:9:9:20":0,"b:9:46:9:117":0,"s:10:18:10:41":0,"s:11:4:27:Infinity":1,"f:13:29:13:34":1,"s:14:16:25:Infinity":2,"f:14:46:14:61":2,"s:14:61:14:72":3,"f:15:20:15:40":3,"s:15:40:15:51":4,"f:15:53:15:73":4,"s:15:73:15:84":5,"b:18:71:18:83:18:83:18:Infinity":1,"b:18:48:18:57:18:57:18:67":2,"b:19:59:19:74:19:74:19:Infinity":3,"b:19:36:19:45:19:45:19:55":4,"b:24:58:24:70:24:70:24:80":5,"b:24:35:24:44:24:44:24:54":6,"f:31:24:31:39":5,"s:32:21:32:59":6,"s:33:20:33:48":7,"s:34:26:34:76":8,"s:35:18:35:41":9,"s:36:20:36:46":10,"s:37:23:37:55":11,"s:38:27:38:86":12,"s:39:28:39:79":13,"s:41:4:46:Infinity":14,"f:41:4:41:20":6,"s:42:8:45:Infinity":15,"f:43:13:43:19":7,"s:43:27:43:48":16,"f:44:13:44:25":8,"f:45:13:45:27":9,"s:45:27:45:44":17,"s:48:20:53:10":18,"f:48:29:48:64":10,"s:49:20:49:Infinity":19,"b:49:20:49:38:49:38:49:Infinity":7,"b:50:8:50:Infinity:undefined:undefined:undefined:undefined":8,"s:50:8:50:Infinity":20,"s:50:23:50:Infinity":21,"s:51:8:51:Infinity":22,"s:52:8:52:Infinity":23,"s:55:10:58:Infinity":24,"f:55:10:55:24":11,"s:56:8:56:Infinity":25,"s:57:8:57:Infinity":26,"s:58:8:58:Infinity":27,"s:61:25:78:Infinity":28,"f:61:25:61:32":12,"s:62:8:62:Infinity":29,"b:63:8:63:Infinity:undefined:undefined:undefined:undefined":9,"s:63:8:63:Infinity":30,"b:63:12:63:27:63:27:63:43":10,"s:63:45:63:84":31,"s:63:84:63:Infinity":32,"s:64:8:64:Infinity":33,"s:65:8:78:Infinity":34,"s:66:12:71:Infinity":35,"s:72:12:72:Infinity":36,"s:73:12:73:Infinity":37,"b:74:12:74:Infinity:undefined:undefined:undefined:undefined":11,"s:74:12:74:Infinity":38,"s:74:54:74:Infinity":39,"s:76:12:76:Infinity":40,"s:78:12:78:Infinity":41,"s:82:24:86:Infinity":42,"f:82:24:82:31":13,"s:83:8:86:Infinity":43,"s:84:24:84:60":44,"s:85:12:85:Infinity":45,"f:85:12:85:31":14,"s:85:41:85:77":46,"s:89:10:94:Infinity":47,"f:89:10:89:27":15,"b:90:8:94:Infinity:92:15:94:Infinity":12,"s:90:8:94:Infinity":48,"s:91:12:91:Infinity":49,"s:93:12:93:Infinity":50,"b:94:12:94:Infinity:undefined:undefined:undefined:undefined":13,"s:94:12:94:Infinity":51,"s:94:44:94:Infinity":52,"s:98:10:100:Infinity":53,"f:98:10:98:23":16,"b:99:8:99:Infinity:undefined:undefined:undefined:undefined":14,"s:99:8:99:Infinity":54,"b:99:12:99:24:99:24:99:46":15,"s:99:46:99:Infinity":55,"s:100:8:100:Infinity":56,"f:100:24:100:32":17,"s:100:41:100:54":57,"s:103:4:243:Infinity":58,"b:111:16:112:25:112:16:217:Infinity":16,"b:113:16:121:23:121:16:217:Infinity":17,"f:121:40:121:45":18,"s:122:20:217:Infinity":59,"f:137:35:137:40":19,"s:138:48:138:Infinity":60,"s:139:44:139:68":61,"b:139:54:139:65:139:65:139:67":18,"s:140:51:140:Infinity":62,"s:141:32:213:Infinity":63,"f:148:40:148:55":20,"s:148:63:148:117":64,"s:148:117:148:Infinity":65,"f:149:40:149:55":21,"s:149:63:149:117":66,"s:149:117:149:Infinity":67,"b:158:45:158:Infinity:159:48:161:Infinity":19,"f:164:56:164:71":22,"s:164:71:164:84":68,"f:172:56:172:71":23,"s:172:71:172:90":69,"b:178:96:178:105:178:105:178:Infinity":20,"b:180:49:180:Infinity:181:52:182:Infinity":21,"b:188:41:188:Infinity:189:44:211:Infinity":22,"b:191:52:193:53:193:52:209:Infinity":23,"b:190:49:190:61:190:61:190:Infinity":24,"f:194:65:194:70":24,"s:195:60:207:Infinity":70,"f:201:89:201:94":25,"s:202:76:202:Infinity":71,"b:202:123:202:135:202:135:202:143":25,"b:202:165:202:177:202:177:202:187":26,"b:206:65:206:78:206:78:206:Infinity":27,"f:221:42:221:57":26,"s:221:57:221:79":72,"b:221:99:221:122:221:122:221:Infinity":28,"f:228:40:228:51":27,"s:228:57:228:83":73,"f:237:66:237:81":28,"s:237:81:237:103":74,"b:239:63:239:81:239:81:239:Infinity":29}}}
,"/Users/burnanku/Documents/CafeManagementSystem/CafeManagementSystem_monolithic/Frontend/src/pages/CustomerOrders.tsx": {"path":"/Users/burnanku/Documents/CafeManagementSystem/CafeManagementSystem_monolithic/Frontend/src/pages/CustomerOrders.tsx","statementMap":{"0":{"start":{"line":10,"column":18},"end":{"line":10,"column":41}},"1":{"start":{"line":11,"column":4},"end":{"line":27,"column":null}},"2":{"start":{"line":14,"column":16},"end":{"line":25,"column":null}},"3":{"start":{"line":14,"column":61},"end":{"line":14,"column":72}},"4":{"start":{"line":15,"column":40},"end":{"line":15,"column":51}},"5":{"start":{"line":15,"column":73},"end":{"line":15,"column":84}},"6":{"start":{"line":32,"column":19},"end":{"line":32,"column":52}},"7":{"start":{"line":33,"column":20},"end":{"line":33,"column":48}},"8":{"start":{"line":34,"column":24},"end":{"line":34,"column":152}},"9":{"start":{"line":35,"column":18},"end":{"line":35,"column":41}},"10":{"start":{"line":36,"column":20},"end":{"line":36,"column":46}},"11":{"start":{"line":37,"column":23},"end":{"line":37,"column":55}},"12":{"start":{"line":38,"column":24},"end":{"line":38,"column":80}},"13":{"start":{"line":39,"column":25},"end":{"line":39,"column":73}},"14":{"start":{"line":41,"column":10},"end":{"line":46,"column":null}},"15":{"start":{"line":42,"column":8},"end":{"line":42,"column":null}},"16":{"start":{"line":43,"column":8},"end":{"line":46,"column":null}},"17":{"start":{"line":44,"column":27},"end":{"line":44,"column":46}},"18":{"start":{"line":46,"column":27},"end":{"line":46,"column":44}},"19":{"start":{"line":49,"column":4},"end":{"line":49,"column":null}},"20":{"start":{"line":49,"column":22},"end":{"line":49,"column":33}},"21":{"start":{"line":51,"column":10},"end":{"line":52,"column":null}},"22":{"start":{"line":52,"column":8},"end":{"line":52,"column":null}},"23":{"start":{"line":52,"column":14},"end":{"line":52,"column":49}},"24":{"start":{"line":52,"column":51},"end":{"line":52,"column":null}},"25":{"start":{"line":55,"column":10},"end":{"line":58,"column":null}},"26":{"start":{"line":56,"column":8},"end":{"line":56,"column":null}},"27":{"start":{"line":57,"column":8},"end":{"line":57,"column":null}},"28":{"start":{"line":58,"column":8},"end":{"line":58,"column":null}},"29":{"start":{"line":61,"column":31},"end":{"line":89,"column":null}},"30":{"start":{"line":62,"column":8},"end":{"line":62,"column":null}},"31":{"start":{"line":63,"column":8},"end":{"line":63,"column":null}},"32":{"start":{"line":63,"column":27},"end":{"line":63,"column":66}},"33":{"start":{"line":63,"column":66},"end":{"line":63,"column":null}},"34":{"start":{"line":64,"column":8},"end":{"line":64,"column":null}},"35":{"start":{"line":64,"column":26},"end":{"line":64,"column":null}},"36":{"start":{"line":65,"column":8},"end":{"line":65,"column":null}},"37":{"start":{"line":66,"column":8},"end":{"line":89,"column":null}},"38":{"start":{"line":67,"column":49},"end":{"line":71,"column":null}},"39":{"start":{"line":72,"column":12},"end":{"line":73,"column":null}},"40":{"start":{"line":73,"column":16},"end":{"line":73,"column":null}},"41":{"start":{"line":75,"column":12},"end":{"line":77,"column":null}},"42":{"start":{"line":76,"column":16},"end":{"line":76,"column":null}},"43":{"start":{"line":77,"column":16},"end":{"line":77,"column":null}},"44":{"start":{"line":79,"column":12},"end":{"line":79,"column":null}},"45":{"start":{"line":80,"column":12},"end":{"line":80,"column":null}},"46":{"start":{"line":81,"column":12},"end":{"line":81,"column":null}},"47":{"start":{"line":83,"column":12},"end":{"line":84,"column":null}},"48":{"start":{"line":84,"column":16},"end":{"line":84,"column":null}},"49":{"start":{"line":87,"column":12},"end":{"line":87,"column":null}},"50":{"start":{"line":89,"column":12},"end":{"line":89,"column":null}},"51":{"start":{"line":93,"column":28},"end":{"line":97,"column":null}},"52":{"start":{"line":94,"column":8},"end":{"line":97,"column":null}},"53":{"start":{"line":95,"column":24},"end":{"line":95,"column":54}},"54":{"start":{"line":96,"column":12},"end":{"line":96,"column":null}},"55":{"start":{"line":96,"column":38},"end":{"line":96,"column":71}},"56":{"start":{"line":100,"column":10},"end":{"line":105,"column":null}},"57":{"start":{"line":101,"column":8},"end":{"line":105,"column":null}},"58":{"start":{"line":102,"column":12},"end":{"line":102,"column":null}},"59":{"start":{"line":104,"column":12},"end":{"line":104,"column":null}},"60":{"start":{"line":105,"column":12},"end":{"line":105,"column":null}},"61":{"start":{"line":105,"column":38},"end":{"line":105,"column":null}},"62":{"start":{"line":109,"column":4},"end":{"line":295,"column":null}},"63":{"start":{"line":129,"column":38},"end":{"line":129,"column":71}},"64":{"start":{"line":130,"column":40},"end":{"line":130,"column":67}},"65":{"start":{"line":131,"column":43},"end":{"line":131,"column":null}},"66":{"start":{"line":132,"column":24},"end":{"line":262,"column":null}},"67":{"start":{"line":170,"column":63},"end":{"line":170,"column":91}},"68":{"start":{"line":186,"column":48},"end":{"line":205,"column":null}},"69":{"start":{"line":196,"column":79},"end":{"line":196,"column":130}},"70":{"start":{"line":216,"column":59},"end":{"line":216,"column":86}},"71":{"start":{"line":233,"column":52},"end":{"line":256,"column":null}},"72":{"start":{"line":251,"column":68},"end":{"line":251,"column":null}},"73":{"start":{"line":269,"column":55},"end":{"line":269,"column":75}},"74":{"start":{"line":279,"column":57},"end":{"line":279,"column":83}},"75":{"start":{"line":289,"column":81},"end":{"line":289,"column":101}}},"fnMap":{"0":{"name":"StarPicker","decl":{"start":{"line":9,"column":9},"end":{"line":9,"column":20}},"loc":{"start":{"line":9,"column":117},"end":{"line":27,"column":null}},"line":9},"1":{"name":"(anonymous_1)","decl":{"start":{"line":13,"column":29},"end":{"line":13,"column":34}},"loc":{"start":{"line":14,"column":16},"end":{"line":25,"column":null}},"line":14},"2":{"name":"(anonymous_2)","decl":{"start":{"line":14,"column":46},"end":{"line":14,"column":61}},"loc":{"start":{"line":14,"column":61},"end":{"line":14,"column":72}},"line":14},"3":{"name":"(anonymous_3)","decl":{"start":{"line":15,"column":20},"end":{"line":15,"column":40}},"loc":{"start":{"line":15,"column":40},"end":{"line":15,"column":51}},"line":15},"4":{"name":"(anonymous_4)","decl":{"start":{"line":15,"column":53},"end":{"line":15,"column":73}},"loc":{"start":{"line":15,"column":73},"end":{"line":15,"column":84}},"line":15},"5":{"name":"CustomerOrders","decl":{"start":{"line":31,"column":24},"end":{"line":31,"column":41}},"loc":{"start":{"line":31,"column":41},"end":{"line":295,"column":null}},"line":31},"6":{"name":"(anonymous_6)","decl":{"start":{"line":41,"column":10},"end":{"line":41,"column":23}},"loc":{"start":{"line":41,"column":23},"end":{"line":46,"column":null}},"line":41},"7":{"name":"(anonymous_7)","decl":{"start":{"line":44,"column":13},"end":{"line":44,"column":19}},"loc":{"start":{"line":44,"column":27},"end":{"line":44,"column":46}},"line":44},"8":{"name":"(anonymous_8)","decl":{"start":{"line":45,"column":13},"end":{"line":45,"column":25}},"loc":{"start":{"line":45,"column":25},"end":{"line":45,"column":29}},"line":45},"9":{"name":"(anonymous_9)","decl":{"start":{"line":46,"column":13},"end":{"line":46,"column":27}},"loc":{"start":{"line":46,"column":27},"end":{"line":46,"column":44}},"line":46},"10":{"name":"(anonymous_10)","decl":{"start":{"line":49,"column":4},"end":{"line":49,"column":20}},"loc":{"start":{"line":49,"column":20},"end":{"line":49,"column":35}},"line":49},"11":{"name":"(anonymous_11)","decl":{"start":{"line":51,"column":10},"end":{"line":51,"column":26}},"loc":{"start":{"line":51,"column":62},"end":{"line":52,"column":null}},"line":51},"12":{"name":"(anonymous_12)","decl":{"start":{"line":55,"column":10},"end":{"line":55,"column":24}},"loc":{"start":{"line":55,"column":112},"end":{"line":58,"column":null}},"line":55},"13":{"name":"(anonymous_13)","decl":{"start":{"line":61,"column":31},"end":{"line":61,"column":38}},"loc":{"start":{"line":61,"column":61},"end":{"line":89,"column":null}},"line":61},"14":{"name":"(anonymous_14)","decl":{"start":{"line":93,"column":28},"end":{"line":93,"column":35}},"loc":{"start":{"line":93,"column":54},"end":{"line":97,"column":null}},"line":93},"15":{"name":"(anonymous_15)","decl":{"start":{"line":96,"column":12},"end":{"line":96,"column":28}},"loc":{"start":{"line":96,"column":38},"end":{"line":96,"column":71}},"line":96},"16":{"name":"(anonymous_16)","decl":{"start":{"line":100,"column":10},"end":{"line":100,"column":31}},"loc":{"start":{"line":100,"column":50},"end":{"line":105,"column":null}},"line":100},"17":{"name":"(anonymous_17)","decl":{"start":{"line":128,"column":28},"end":{"line":128,"column":33}},"loc":{"start":{"line":128,"column":46},"end":{"line":262,"column":null}},"line":128},"18":{"name":"(anonymous_18)","decl":{"start":{"line":170,"column":48},"end":{"line":170,"column":63}},"loc":{"start":{"line":170,"column":63},"end":{"line":170,"column":91}},"line":170},"19":{"name":"(anonymous_19)","decl":{"start":{"line":185,"column":51},"end":{"line":185,"column":56}},"loc":{"start":{"line":186,"column":48},"end":{"line":205,"column":null}},"line":186},"20":{"name":"(anonymous_20)","decl":{"start":{"line":196,"column":64},"end":{"line":196,"column":79}},"loc":{"start":{"line":196,"column":79},"end":{"line":196,"column":130}},"line":196},"21":{"name":"(anonymous_21)","decl":{"start":{"line":216,"column":44},"end":{"line":216,"column":59}},"loc":{"start":{"line":216,"column":59},"end":{"line":216,"column":86}},"line":216},"22":{"name":"(anonymous_22)","decl":{"start":{"line":232,"column":57},"end":{"line":232,"column":62}},"loc":{"start":{"line":233,"column":52},"end":{"line":256,"column":null}},"line":233},"23":{"name":"(anonymous_23)","decl":{"start":{"line":250,"column":81},"end":{"line":250,"column":86}},"loc":{"start":{"line":251,"column":68},"end":{"line":251,"column":null}},"line":251},"24":{"name":"(anonymous_24)","decl":{"start":{"line":269,"column":40},"end":{"line":269,"column":55}},"loc":{"start":{"line":269,"column":55},"end":{"line":269,"column":75}},"line":269},"25":{"name":"(anonymous_25)","decl":{"start":{"line":279,"column":40},"end":{"line":279,"column":51}},"loc":{"start":{"line":279,"column":57},"end":{"line":279,"column":83}},"line":279},"26":{"name":"(anonymous_26)","decl":{"start":{"line":289,"column":66},"end":{"line":289,"column":81}},"loc":{"start":{"line":289,"column":81},"end":{"line":289,"column":101}},"line":289}},"branchMap":{"0":{"loc":{"start":{"line":9,"column":39},"end":{"line":9,"column":117}},"type":"default-arg","locations":[{"start":{"line":9,"column":46},"end":{"line":9,"column":117}}],"line":9},"1":{"loc":{"start":{"line":18,"column":40},"end":{"line":18,"column":null}},"type":"cond-expr","locations":[{"start":{"line":18,"column":71},"end":{"line":18,"column":83}},{"start":{"line":18,"column":83},"end":{"line":18,"column":null}}],"line":18},"2":{"loc":{"start":{"line":18,"column":48},"end":{"line":18,"column":67}},"type":"binary-expr","locations":[{"start":{"line":18,"column":48},"end":{"line":18,"column":57}},{"start":{"line":18,"column":57},"end":{"line":18,"column":67}}],"line":18},"3":{"loc":{"start":{"line":19,"column":24},"end":{"line":19,"column":null}},"type":"cond-expr","locations":[{"start":{"line":19,"column":59},"end":{"line":19,"column":74}},{"start":{"line":19,"column":74},"end":{"line":19,"column":null}}],"line":19},"4":{"loc":{"start":{"line":19,"column":36},"end":{"line":19,"column":55}},"type":"binary-expr","locations":[{"start":{"line":19,"column":36},"end":{"line":19,"column":45}},{"start":{"line":19,"column":45},"end":{"line":19,"column":55}}],"line":19},"5":{"loc":{"start":{"line":24,"column":28},"end":{"line":24,"column":80}},"type":"cond-expr","locations":[{"start":{"line":24,"column":58},"end":{"line":24,"column":70}},{"start":{"line":24,"column":70},"end":{"line":24,"column":80}}],"line":24},"6":{"loc":{"start":{"line":24,"column":35},"end":{"line":24,"column":54}},"type":"binary-expr","locations":[{"start":{"line":24,"column":35},"end":{"line":24,"column":44}},{"start":{"line":24,"column":44},"end":{"line":24,"column":54}}],"line":24},"7":{"loc":{"start":{"line":63,"column":8},"end":{"line":63,"column":null}},"type":"if","locations":[{"start":{"line":63,"column":8},"end":{"line":63,"column":null}},{"start":{},"end":{}}],"line":63},"8":{"loc":{"start":{"line":64,"column":8},"end":{"line":64,"column":null}},"type":"if","locations":[{"start":{"line":64,"column":8},"end":{"line":64,"column":null}},{"start":{},"end":{}}],"line":64},"9":{"loc":{"start":{"line":72,"column":12},"end":{"line":73,"column":null}},"type":"if","locations":[{"start":{"line":72,"column":12},"end":{"line":73,"column":null}},{"start":{},"end":{}}],"line":72},"10":{"loc":{"start":{"line":72,"column":16},"end":{"line":72,"column":67}},"type":"binary-expr","locations":[{"start":{"line":72,"column":16},"end":{"line":72,"column":47}},{"start":{"line":72,"column":47},"end":{"line":72,"column":67}}],"line":72},"11":{"loc":{"start":{"line":75,"column":12},"end":{"line":77,"column":null}},"type":"if","locations":[{"start":{"line":75,"column":12},"end":{"line":77,"column":null}},{"start":{},"end":{}}],"line":75},"12":{"loc":{"start":{"line":75,"column":16},"end":{"line":75,"column":73}},"type":"binary-expr","locations":[{"start":{"line":75,"column":16},"end":{"line":75,"column":50}},{"start":{"line":75,"column":50},"end":{"line":75,"column":73}}],"line":75},"13":{"loc":{"start":{"line":77,"column":35},"end":{"line":77,"column":null}},"type":"binary-expr","locations":[{"start":{"line":77,"column":35},"end":{"line":77,"column":62}},{"start":{"line":77,"column":62},"end":{"line":77,"column":null}}],"line":77},"14":{"loc":{"start":{"line":83,"column":12},"end":{"line":84,"column":null}},"type":"if","locations":[{"start":{"line":83,"column":12},"end":{"line":84,"column":null}},{"start":{},"end":{}}],"line":83},"15":{"loc":{"start":{"line":83,"column":16},"end":{"line":83,"column":75}},"type":"binary-expr","locations":[{"st
[...]
y":1,"s:14:14:14:Infinity":2,"b:14:14:14:30:14:30:14:Infinity":0,"s:15:4:21:Infinity":3,"f:25:24:25:32":1,"s:26:18:26:50":4,"s:27:20:27:48":5,"s:28:22:28:53":6,"s:29:17:29:94":7,"s:30:19:30:47":8,"s:31:19:31:76":9,"s:32:19:32:44":10,"s:34:10:39:Infinity":11,"f:34:10:34:23":2,"s:35:8:35:Infinity":12,"s:36:8:39:Infinity":13,"f:37:13:37:19":3,"s:37:27:37:45":14,"f:38:13:38:25":4,"s:38:25:38:60":15,"f:39:13:39:27":5,"s:39:27:39:44":16,"s:42:4:42:Infinity":17,"f:42:4:42:20":6,"s:42:22:42:33":18,"s:44:10:49:Infinity":19,"b:44:41:44:49:44:49:44:87":1,"f:44:55:44:63":7,"s:44:69:44:87":20,"f:45:9:45:17":8,"b:46:12:46:Infinity:undefined:undefined:undefined:undefined":2,"s:46:12:46:Infinity":21,"s:46:32:46:Infinity":22,"s:47:22:47:42":23,"s:48:12:48:Infinity":24,"b:48:19:48:51:48:55:48:88:48:92:48:119":3,"s:51:25:58:Infinity":25,"f:51:25:51:32":9,"s:52:26:52:Infinity":26,"b:52:51:52:61:52:61:52:Infinity":4,"s:53:8:58:Infinity":27,"s:54:12:54:Infinity":28,"s:55:12:55:Infinity":29,"b:55:57:55:71:55:71:55:87":5,"s:56:12:56:Infinity":30,"s:58:12:58:Infinity":31,"s:62:23:69:Infinity":32,"f:62:23:62:30":10,"s:63:24:63:Infinity":33,"b:63:51:63:60:63:60:63:Infinity":6,"s:64:8:69:Infinity":34,"s:65:12:65:Infinity":35,"s:66:12:66:Infinity":36,"b:66:72:66:89:66:89:66:102":7,"s:67:12:67:Infinity":37,"s:69:12:69:Infinity":38,"s:73:27:88:Infinity":39,"f:73:27:73:34":11,"s:74:8:74:Infinity":40,"s:75:8:88:Infinity":41,"s:76:24:76:44":42,"s:77:25:77:Infinity":43,"b:77:56:77:76:77:79:77:Infinity":8,"s:78:12:78:Infinity":44,"b:78:26:78:42:78:42:78:64":9,"s:79:12:79:Infinity":45,"s:80:12:80:Infinity":46,"s:81:12:81:Infinity":47,"s:83:26:83:Infinity":48,"s:84:22:84:Infinity":49,"b:85:12:86:Infinity:undefined:undefined:undefined:undefined":10,"s:85:12:86:Infinity":50,"s:86:16:86:Infinity":51,"s:86:22:86:77":52,"s:88:12:88:Infinity":53,"s:92:10:93:51":54,"f:92:10:92:17":12,"s:92:17:93:51":55,"f:92:17:92:34":13,"s:93:8:93:51":56,"s:95:23:95:Infinity":57,"f:95:29:95:37":14,"s:95:43:95:61":58,"s:96:26:96:Infinity":59,"f:96:32:96:40":15,"s:96:46:96:68":60,"s:98:4:283:Infinity":61,"f:107:24:107:39":16,"s:107:41:107:108":62,"s:107:108:107:Infinity":63,"f:121:51:121:62":17,"s:121:68:121:93":64,"f:129:24:129:34":18,"s:130:28:130:Infinity":65,"s:131:28:131:Infinity":66,"f:133:24:133:33":19,"s:134:28:134:Infinity":67,"s:135:28:135:Infinity":68,"f:144:32:144:37":20,"s:145:24:154:Infinity":69,"f:145:44:145:59":21,"s:145:59:145:75":70,"b:148:59:148:116:148:116:148:Infinity":11,"b:149:54:149:64:149:64:149:Infinity":12,"b:150:58:150:95:150:95:150:Infinity":13,"b:160:16:161:25:161:16:244:Infinity":14,"b:162:16:170:17:170:16:244:Infinity":15,"f:171:30:171:35":22,"s:172:24:242:Infinity":71,"f:179:28:179:43":23,"s:179:51:179:105":72,"s:179:105:179:Infinity":73,"f:180:28:180:43":24,"s:180:51:180:105":74,"s:180:105:180:Infinity":75,"b:186:42:186:Infinity:187:42:187:Infinity":16,"b:201:77:201:101:201:101:201:Infinity":17,"b:202:72:202:91:202:91:202:Infinity":18,"b:204:66:204:77:204:77:204:Infinity":19,"f:217:40:217:55":25,"s:217:55:217:73":76,"b:219:73:219:98:219:98:219:Infinity":20,"b:220:82:220:107:220:107:220:Infinity":21,"b:221:68:221:86:221:86:221:Infinity":22,"b:226:62:226:93:226:92:227:42":23,"b:227:62:227:77:227:77:227:Infinity":24,"f:229:40:229:55":26,"s:229:55:229:71":77,"b:231:75:231:101:231:101:231:Infinity":25,"b:232:84:232:110:232:110:232:Infinity":26,"b:233:70:233:82:233:82:233:Infinity":27,"b:238:64:238:91:238:90:239:42":28,"b:239:64:239:79:239:79:239:Infinity":29,"f:247:36:247:51":27,"s:247:51:247:70":78,"b:258:47:258:56:258:56:258:68":30,"f:266:50:266:65":28,"s:266:65:266:83":79,"b:267:53:267:71:267:71:267:Infinity":31,"b:274:42:274:58:274:57:274:Infinity":32,"f:279:66:279:81":29,"s:279:81:279:100":80}}}
,"/Users/burnanku/Documents/CafeManagementSystem/CafeManagementSystem_monolithic/Frontend/src/services/api.ts": {"path":"/Users/burnanku/Documents/CafeManagementSystem/CafeManagementSystem_monolithic/Frontend/src/services/api.ts","statementMap":{"0":{"start":{"line":3,"column":12},"end":{"line":6,"column":2}},"1":{"start":{"line":8,"column":0},"end":{"line":14,"column":null}},"2":{"start":{"line":9,"column":18},"end":{"line":9,"column":49}},"3":{"start":{"line":10,"column":4},"end":{"line":11,"column":null}},"4":{"start":{"line":11,"column":8},"end":{"line":11,"column":null}},"5":{"start":{"line":13,"column":4},"end":{"line":13,"column":null}},"6":{"start":{"line":16,"column":0},"end":{"line":26,"column":null}},"7":{"start":{"line":17,"column":13},"end":{"line":17,"column":null}},"8":{"start":{"line":19,"column":8},"end":{"line":22,"column":null}},"9":{"start":{"line":20,"column":12},"end":{"line":20,"column":null}},"10":{"start":{"line":21,"column":12},"end":{"line":21,"column":null}},"11":{"start":{"line":22,"column":12},"end":{"line":22,"column":null}},"12":{"start":{"line":24,"column":8},"end":{"line":24,"column":null}},"13":{"start":{"line":29,"column":13},"end":{"line":29,"column":86}},"14":{"start":{"line":29,"column":56},"end":{"line":29,"column":86}},"15":{"start":{"line":30,"column":13},"end":{"line":30,"column":84}},"16":{"start":{"line":30,"column":55},"end":{"line":30,"column":84}},"17":{"start":{"line":31,"column":13},"end":{"line":31,"column":59}},"18":{"start":{"line":31,"column":32},"end":{"line":31,"column":59}},"19":{"start":{"line":32,"column":13},"end":{"line":32,"column":102}},"20":{"start":{"line":32,"column":64},"end":{"line":32,"column":102}},"21":{"start":{"line":33,"column":13},"end":{"line":33,"column":102}},"22":{"start":{"line":33,"column":64},"end":{"line":33,"column":102}},"23":{"start":{"line":34,"column":13},"end":{"line":34,"column":56}},"24":{"start":{"line":34,"column":32},"end":{"line":34,"column":56}},"25":{"start":{"line":35,"column":13},"end":{"line":35,"column":100}},"26":{"start":{"line":35,"column":63},"end":{"line":35,"column":100}},"27":{"start":{"line":38,"column":13},"end":{"line":38,"column":53}},"28":{"start":{"line":38,"column":33},"end":{"line":38,"column":53}},"29":{"start":{"line":39,"column":13},"end":{"line":39,"column":90}},"30":{"start":{"line":39,"column":60},"end":{"line":39,"column":90}},"31":{"start":{"line":40,"column":13},"end":{"line":40,"column":90}},"32":{"start":{"line":40,"column":58},"end":{"line":40,"column":90}},"33":{"start":{"line":41,"column":13},"end":{"line":41,"column":94}},"34":{"start":{"line":41,"column":60},"end":{"line":41,"column":94}},"35":{"start":{"line":44,"column":13},"end":{"line":44,"column":133}},"36":{"start":{"line":44,"column":50},"end":{"line":44,"column":133}},"37":{"start":{"line":45,"column":13},"end":{"line":45,"column":100}},"38":{"start":{"line":45,"column":61},"end":{"line":45,"column":100}},"39":{"start":{"line":46,"column":13},"end":{"line":46,"column":106}},"40":{"start":{"line":46,"column":64},"end":{"line":46,"column":106}},"41":{"start":{"line":49,"column":13},"end":{"line":49,"column":63}},"42":{"start":{"line":49,"column":33},"end":{"line":49,"column":63}},"43":{"start":{"line":50,"column":13},"end":{"line":50,"column":97}},"44":{"start":{"line":50,"column":60},"end":{"line":50,"column":97}},"45":{"start":{"line":51,"column":13},"end":{"line":51,"column":103}},"46":{"start":{"line":51,"column":63},"end":{"line":51,"column":103}},"47":{"start":{"line":52,"column":13},"end":{"line":52,"column":85}},"48":{"start":{"line":52,"column":45},"end":{"line":52,"column":85}},"49":{"start":{"line":53,"column":13},"end":{"line":53,"column":108}},"50":{"start":{"line":53,"column":69},"end":{"line":53,"column":108}},"51":{"start":{"line":54,"column":13},"end":{"line":54,"column":92}},"52":{"start":{"line":54,"column":53},"end":{"line":54,"column":92}},"53":{"start":{"line":55,"column":13},"end":{"line":55,"column":86}},"54":{"start":{"line":55,"column":46},"end":{"line":55,"column":86}},"55":{"start":{"line":58,"column":13},"end":{"line":58,"column":99}},"56":{"start":{"line":58,"column":63},"end":{"line":58,"column":99}},"57":{"start":{"line":59,"column":13},"end":{"line":59,"column":55}},"58":{"start":{"line":59,"column":30},"end":{"line":59,"column":55}},"59":{"start":{"line":60,"column":13},"end":{"line":60,"column":113}},"60":{"start":{"line":60,"column":57},"end":{"line":60,"column":113}},"61":{"start":{"line":61,"column":13},"end":{"line":61,"column":76}},"62":{"start":{"line":61,"column":42},"end":{"line":61,"column":76}},"63":{"start":{"line":64,"column":13},"end":{"line":64,"column":70}},"64":{"start":{"line":64,"column":40},"end":{"line":64,"column":70}},"65":{"start":{"line":67,"column":13},"end":{"line":67,"column":62}},"66":{"start":{"line":67,"column":33},"end":{"line":67,"column":62}},"67":{"start":{"line":68,"column":13},"end":{"line":68,"column":54}},"68":{"start":{"line":68,"column":29},"end":{"line":68,"column":54}},"69":{"start":{"line":69,"column":13},"end":{"line":69,"column":91}},"70":{"start":{"line":69,"column":59},"end":{"line":69,"column":91}},"71":{"start":{"line":70,"column":13},"end":{"line":70,"column":64}},"72":{"start":{"line":70,"column":34},"end":{"line":70,"column":64}},"73":{"start":{"line":71,"column":13},"end":{"line":71,"column":66}},"74":{"start":{"line":71,"column":35},"end":{"line":71,"column":66}},"75":{"start":{"line":72,"column":13},"end":{"line":72,"column":95}},"76":{"start":{"line":72,"column":52},"end":{"line":72,"column":95}},"77":{"start":{"line":73,"column":13},"end":{"line":73,"column":107}},"78":{"start":{"line":73,"column":58},"end":{"line":73,"column":107}}},"fnMap":{"0":{"name":"(anonymous_0)","decl":{"start":{"line":8,"column":25},"end":{"line":8,"column":30}},"loc":{"start":{"line":8,"column":41},"end":{"line":14,"column":null}},"line":8},"1":{"name":"(anonymous_1)","decl":{"start":{"line":16,"column":26},"end":{"line":16,"column":null}},"loc":{"start":{"line":17,"column":13},"end":{"line":17,"column":null}},"line":17},"2":{"name":"(anonymous_2)","decl":{"start":{"line":17,"column":13},"end":{"line":17,"column":null}},"loc":{"start":{"line":18,"column":13},"end":{"line":26,"column":null}},"line":18},"3":{"name":"(anonymous_3)","decl":{"start":{"line":29,"column":13},"end":{"line":29,"column":23}},"loc":{"start":{"line":29,"column":56},"end":{"line":29,"column":86}},"line":29},"4":{"name":"(anonymous_4)","decl":{"start":{"line":30,"column":13},"end":{"line":30,"column":22}},"loc":{"start":{"line":30,"column":55},"end":{"line":30,"column":84}},"line":30},"5":{"name":"(anonymous_5)","decl":{"start":{"line":31,"column":13},"end":{"line":31,"column":32}},"loc":{"start":{"line":31,"column":32},"end":{"line":31,"column":59}},"line":31},"6":{"name":"(anonymous_6)","decl":{"start":{"line":32,"column":13},"end":{"line":32,"column":31}},"loc":{"start":{"line":32,"column":64},"end":{"line":32,"column":102}},"line":32},"7":{"name":"(anonymous_7)","decl":{"start":{"line":33,"column":13},"end":{"line":33,"column":31}},"loc":{"start":{"line":33,"column":64},"end":{"line":33,"column":102}},"line":33},"8":{"name":"(anonymous_8)","decl":{"start":{"line":34,"column":13},"end":{"line":34,"column":32}},"loc":{"start":{"line":34,"column":32},"end":{"line":34,"column":56}},"line":34},"9":{"name":"(anonymous_9)","decl":{"start":{"line":35,"column":13},"end":{"line":35,"column":30}},"loc":{"start":{"line":35,"column":63},"end":{"line":35,"column":100}},"line":35},"10":{"name":"(anonymous_10)","decl":{"start":{"line":38,"column":13},"end":{"line":38,"column":33}},"loc":{"start":{"line":38,"column":33},"end":{"line":38,"column":53}},"line":38},"11":{"name":"(anonymous_11)","decl":{"start":{"line":39,"column":13},"end":{"line":39,"column":27}},"loc":{"start":{"line":39,"column":60},"end":{"line":39,"column":90}},"line":39},"12":{"name":"(anonymous_12)","decl":{"start":{"line":40,"column":13},"end":{"line":40,"column":25}},"loc":{"start":{"line":40,"column":58},"end":{"line":40,"column":90}},"line":40},"13":{"name":"(anonymous_13)","decl":{"start":{"line":41,"column":13},"end":{"line":41,"column":27}},"loc":{"start":{"line":41,"column":60},"end":{"line":41,"column":94}},"line":41},"14":{"name":"(anonymous_14)","decl":{"start":{"line":44,"column":13},"end":{"line":44,"column":30}},"loc":{"start":{"line":44,"column":50},"end":{"line":44,"column":133}},"line":44},"15":{"name":"(anonymous_15)","decl":{"start":{"line":45,"column":13},"end":{"line":45,"column":28}},"loc":{"start":{"line":45,"column":61},"end":{"line":45,"column":100}},"line":45},"16":{"name":"(anonymous_16)","decl":{"start":{"line":46,"column":13},"end":{"line":46,"column":31}},"loc":{"start":{"line":46,"column":64},"end":{"line":46,"column":106}},"line":46},"17":{"name":"(anonymous_17)","decl":{"start":{"line":49,"column":13},"end":{"line":49,"column":33}},"loc":{"start":{"line":49,"column":33},"end":{"line":49,"column":63}},"line":49},"18":{"name":"(anonymous_18)","decl":{"start":{"line":50,"column":13},"end":{"line":50,"column":27}},"loc":{"start":{"line":50,"column":60},"end":{"line":50,"column":97}},"line":50},"19":{"name":"(anonymous_19)","decl":{"start":{"line":51,"column":13},"end":{"line":51,"column":30}},"loc":{"start":{"line":51,"column":63},"end":{"line":51,"column":103}},"line":51},"20":{"name":"(anonymous_20)","decl":{"start":{"line":52,"column":13},"end":{"line":52,"column":30}},"loc":{"start":{"line":52,"column":45},"end":{"line":52,"column":85}},"line":52},"21":{"name":"(anonymous_21)","decl":{"start":{"line":53,"column":13},"end":{"line":53,"column":36}},"loc":{"start":{"line":53,"column":69},"end":{"line":53,"column":108}},"line":53},"22":{"name":"(anonymous_22)","decl":{"start":{"line":54,"column":13},"end":{"line":54,"column":38}},"loc":{"start":{"line":54,"column":53},"end":{"line":54,"column":92}},"line":54},"23":{"name":"(anonymous_23)","decl":{"start":{"line":55,"column":13},"end":{"line":55,"column":31}},"loc":{"start":{"line":55,"column":46},"end":{"line":55,"column":86}},"line":55},"24":{"name":"(anonymous_24)","decl":{"start":{"line":58,"column":13},"end":{"line":58,"column":29}},"loc":{"start":{"line":58,"column":63},"end":{"line":58,"column":99}},"line":58},"25":{"name":"(anonymous_25)","decl":{"start":{"line":59,"column":13},"end":{"line":59,"column":30}},"loc":{"start":{"line":59,"column":30},"end":{"line":59,"column":55}},"line":59},"26":{"name":"(anonymous_26)","decl":{"start":{"line":60,"column":13},"end":{"line":60,"column":23}},"loc":{"start":{"line":60,"column":57},"end":{"line":60,"column":113}},"line":60},"27":{"name":"(anonymous_27)","decl":{"start":{"line":61,"column":13},"end":{"line":61,"column":27}},"loc":{"start":{"line":61,"column":42},"end":{"line":61,"column":76}},"line":61},"28":{"name":"(anonymous_28)","decl":{"start":{"line":64,"column":13},"end":{"line":64,"column":40}},"loc":{"start":{"line":64,"column":40},"end":{"line":64,"column":70}},"line":64},"29":{"name":"(anonymous_29)","decl":{"start":{"line":67,"column":13},"end":{"line":67,"column":33}},"loc":{"start":{"line":67,"column":33},"end":{"line":67,"column":62}},"line":67},"30":{"name":"(anonymous_30)","decl":{"start":{"line":68,"column":13},"end":{"line":68,"column":29}},"loc":{"start":{"line":68,"column":29},"end":{"line":68,"column":54}},"line":68},"31":{"name":"(anonymous_31)","decl":{"start":{"line":69,"column":13},"end":{"line":69,"column":26}},"loc":{"start":{"line":69,"column":59},"end":{"line":69,"column":91}},"line":69},"32":{"name":"(anonymous_32)","decl":{"start":{"line":70,"column":13},"end":{"line":70,"column":34}},"loc":{"start":{"line":70,"column":34},"end":{"line":70,"column":64}},"line":70},"33":{"name":"(anonymous_33)","decl":{"start":{"line":71,"column":13},"end":{"line":71,"column":35}},"loc":{"start":{"line":71,"column":35},"end":{"line":71,"column":66}},"line":71},"34":{"name":"(anonymous_34)","decl":{"start":{"line":72,"column":13},"end":{"line":72,"column":33}},"loc":{"start":{"line":72,"column":52},"end":{"line":72,"column":95}},"line":72},"35":{"name":"(anonymous_35)","decl":{"start":{"line":73,"column":13},"end":{"line":73,"column":36}},"loc":{"start":{"line":73,"column":58},"end":{"line":73,"column":107}},"line":73}},"branchMap":{"0":{"loc":{"start":{"line":10,"column":4},"end":{"line":11,"column":null}},"type":"if","locations":[{"start":{"line":10,"column":4},"end":{"line":11,"column":null}},{"start":{},"end":{}}],"line":10},"1":{"loc":{"start":{"line":19,"column":8},"end":{"line":22,"column":null}},"type":"if","locations":[{"start":{"line":19,"column":8},"end":{"line":22,"column":null}},{"start":{},"end":{}}],"line":19},"2":{"loc":{"start":{"line":44,"column":93},"end":{"line":44,"column":130}},"type":"cond-expr","locations":[{"start":{"line":44,"column":102},"end":{"line":44,"column":125}},{"start":{"line":44,"column":128},"end":{"line":44,"column":130}}],"line":44}},"s":{"0":4,"1":4,"2":42,"3":42,"4":5,"5":42,"6":4,"7":0,"8":37,"9":1,"10":1,"11":1,"12":37,"13":4,"14":1,"15":4,"16":1,"17":4,"18":4,"19":4,"20":1,"21":4,"22":1,"23":4,"24":4,"25":4,"26":1,"27":4,"28":1,"29":4,"30":1,"31":4,"32":1,"33":4,"34":1,"35":4,"36":2,"37":4,"38":1,"39":4,"40":1,"41":4,"42":1,"43":4,"44":1,"45":4,"46":1,"47":4,"48":1,"49":4,"50":1,"51":4,"52":1,"53":4,"54":1,"55":4,"56":1,"57":4,"58":1,"59":4,"60":1,"61":4,"62":1,"63":4,"64":1,"65":4,"66":1,"67":4,"68":1,"69":4,"70":1,"71":4,"72":1,"73":4,"74":1,"75":4,"76":1,"77":4,"78":1},"f":{"0":42,"1":0,"2":37,"3":1,"4":1,"5":4,"6":1,"7":1,"8":4,"9":1,"10":1,"11":1,"12":1,"13":1,"14":2,"15":1,"16":1,"17":1,"18":1,"19":1,"20":1,"21":1,"22":1,"23":1,"24":1,"25":1,"26":1,"27":1,"28":1,"29":1,"30":1,"31":1,"32":1,"33":1,"34":1,"35":1},"b":{"0":[5,37],"1":[1,36],"2":[1,1]},"meta":{"lastBranch":3,"lastFunction":36,"lastStatement":79,"seen":{"s:3:12:6:2":0,"s:8:0:14:Infinity":1,"f:8:25:8:30":0,"s:9:18:9:49":2,"b:10:4:11:Infinity:undefined:undefined:undefined:undefined":0,"s:10:4:11:Infinity":3,"s:11:8:11:Infinity":4,"s:13:4:13:Infinity":5,"s:16:0:26:Infinity":6,"f:16:26:16:Infinity":1,"s:17:13:17:Infinity":7,"f:17:13:17:Infinity":2,"b:19:8:22:Infinity:undefined:undefined:undefined:undefined":1,"s:19:8:22:Infinity":8,"s:20:12:20:Infinity":9,"s:21:12:21:Infinity":10,"s:22:12:22:Infinity":11,"s:24:8:24:Infinity":12,"s:29:13:29:86":13,"f:29:13:29:23":3,"s:29:56:29:86":14,"s:30:13:30:84":15,"f:30:13:30:22":4,"s:30:55:30:84":16,"s:31:13:31:59":17,"f:31:13:31:32":5,"s:31:32:31:59":18,"s:32:13:32:102":19,"f:32:13:32:31":6,"s:32:64:32:102":20,"s:33:13:33:102":21,"f:33:13:33:31":7,"s:33:64:33:102":22,"s:34:13:34:56":23,"f:34:13:34:32":8,"s:34:32:34:56":24,"s:35:13:35:100":25,"f:35:13:35:30":9,"s:35:63:35:100":26,"s:38:13:38:53":27,"f:38:13:38:33":10,"s:38:33:38:53":28,"s:39:13:39:90":29,"f:39:13:39:27":11,"s:39:60:39:90":30,"s:40:13:40:90":31,"f:40:13:40:25":12,"s:40:58:40:90":32,"s:41:13:41:94":33,"f:41:13:41:27":13,"s:41:60:41:94":34,"s:44:13:44:133":35,"f:44:13:44:30":14,"s:44:50:44:133":36,"b:44:102:44:125:44:128:44:130":2,"s:45:13:45:100":37,"f:45:13:45:28":15,"s:45:61:45:100":38,"s:46:13:46:106":39,"f:46:13:46:31":16,"s:46:64:46:106":40,"s:49:13:49:63":41,"f:49:13:49:33":17,"s:49:33:49:63":42,"s:50:13:50:97":43,"f:50:13:50:27":18,"s:50:60:50:97":44,"s:51:13:51:103":45,"f:51:13:51:30":19,"s:51:63:51:103":46,"s:52:13:52:85":47,"f:52:13:52:30":20,"s:52:45:52:85":48,"s:53:13:53:108":49,"f:53:13:53:36":21,"s:53:69:53:108":50,"s:54:13:54:92":51,"f:54:13:54:38":22,"s:54:53:54:92":52,"s:55:13:55:86":53,"f:55:13:55:31":23,"s:55:46:55:86":54,"s:58:13:58:99":55,"f:58:13:58:29":24,"s:58:63:58:99":56,"s:59:13:59:55":57,"f:59:13:59:30":25,"s:59:30:59:55":58,"s:60:13:60:113":59,"f:60:13:60:23":26,"s:60:57:60:113":60,"s:61:13:61:76":61,"f:61:13:61:27":27,"s:61:42:61:76":62,"s:64:13:64:70":63,"f:64:13:64:40":28,"s:64:40:64:70":64,"s:67:13:67:62":65,"f:67:13:67:33":29,"s:67:33:67:62":66,"s:68:13:68:54":67,"f:68:13:68:29":30,"s:68:29:68:54":68,"s:69:13:69:91":69,"f:69:13:69:26":31,"s:69:59:69:91":70,"s:70:13:70:64":71,"f:70:13:70:34":32,"s:70:34:70:64":72,"s:71:13:71:66":73,"f:71:13:71:35":33,"s:71:35:71:66":74,"s:72:13:72:95":75,"f:72:13:72:33":34,"s:72:52:72:95":76,"s:73:13:73:107":77,"f:73:13:73:36":35,"s:73:58:73:107":78}}}
}
